2026-05-18 18:44:03.646197: I tensorflow/core/util/port.cc:111] oneDNN custom operations are on. You may see slightly different numerical results due to floating-point round-off errors from different computation orders. To turn them off, set the environment variable `TF_ENABLE_ONEDNN_OPTS=0`.
2026-05-18 18:44:03.665110: E tensorflow/compiler/xla/stream_executor/cuda/cuda_dnn.cc:9342] Unable to register cuDNN factory: Attempting to register factory for plugin cuDNN when one has already been registered
2026-05-18 18:44:03.665160: E tensorflow/compiler/xla/stream_executor/cuda/cuda_fft.cc:609] Unable to register cuFFT factory: Attempting to register factory for plugin cuFFT when one has already been registered
2026-05-18 18:44:03.665193: E tensorflow/compiler/xla/stream_executor/cuda/cuda_blas.cc:1518] Unable to register cuBLAS factory: Attempting to register factory for plugin cuBLAS when one has already been registered
2026-05-18 18:44:03.669035: I tensorflow/core/platform/cpu_feature_guard.cc:182] This TensorFlow binary is optimized to use available CPU instructions in performance-critical operations.
To enable the following instructions: AVX2 AVX512F AVX512_VNNI AVX512_BF16 AVX_VNNI FMA, in other operations, rebuild TensorFlow with the appropriate compiler flags.
2026-05-18 18:44:04.892049: W tensorflow/core/common_runtime/gpu/gpu_device.cc:2303] TensorFlow was not built with CUDA kernel binaries compatible with compute capability 12.0. CUDA kernels will be jit-compiled from PTX, which could take 30 minutes or longer.
[INFO] GPU detected: 1
[INFO] task: activity
[INFO] modalities: ['imu', 'image', 'audio', 'tof']
[INFO] fusion: concat
[INFO] train samples: 29788 eval samples: 2735
[INFO] class names: ['walk', 'standing', 'sitting']
[INFO] train bincount: [10299, 9340, 10149]
[INFO] eval  bincount: [951, 873, 911]
[INFO] input shapes: {'imu': [50, 8], 'image': [64, 64, 6], 'audio': [40, 40, 1], 'tof': [50, 2]}
2026-05-18 18:44:20.365106: W tensorflow/core/common_runtime/gpu/gpu_device.cc:2303] TensorFlow was not built with CUDA kernel binaries compatible with compute capability 12.0. CUDA kernels will be jit-compiled from PTX, which could take 30 minutes or longer.
2026-05-18 18:44:20.443098: I tensorflow/core/common_runtime/gpu/gpu_device.cc:1886] Created device /job:localhost/replica:0/task:0/device:GPU:0 with 29801 MB memory:  -> device: 0, name: NVIDIA GeForce RTX 5090, pci bus id: 0000:02:00.0, compute capability: 12.0
2026-05-18 18:44:20.512674: I tensorflow/tsl/platform/default/subprocess.cc:304] Start cannot spawn child process: No such file or directory
2026-05-18 18:44:20.520801: W tensorflow/compiler/xla/stream_executor/gpu/asm_compiler.cc:231] Falling back to the CUDA driver for PTX compilation; ptxas does not support CC 12.0
2026-05-18 18:44:20.520835: W tensorflow/compiler/xla/stream_executor/gpu/asm_compiler.cc:234] Used ptxas at /usr/local/cuda-11.8/bin/ptxas
2026-05-18 18:44:20.520906: W tensorflow/compiler/mlir/tools/kernel_gen/transforms/gpu_kernel_to_blob_pass.cc:191] Failed to compile generated PTX with ptxas. Falling back to compilation by driver.
Model: "M14_imu_image_audio_tof_concat_classifier"
__________________________________________________________________________________________________
 Layer (type)                Output Shape                 Param #   Connected to                  
==================================================================================================
 image (InputLayer)          [(None, 64, 64, 6)]          0         []                            
                                                                                                  
 audio (InputLayer)          [(None, 40, 40, 1)]          0         []                            
                                                                                                  
 image_conv1 (Conv2D)        (None, 64, 64, 32)           1760      ['image[0][0]']               
                                                                                                  
 audio_conv1 (Conv2D)        (None, 40, 40, 32)           320       ['audio[0][0]']               
                                                                                                  
 image_bn1 (BatchNormalizat  (None, 64, 64, 32)           128       ['image_conv1[0][0]']         
 ion)                                                                                             
                                                                                                  
 audio_bn1 (BatchNormalizat  (None, 40, 40, 32)           128       ['audio_conv1[0][0]']         
 ion)                                                                                             
                                                                                                  
 imu (InputLayer)            [(None, 50, 8)]              0         []                            
                                                                                                  
 image_pool1 (MaxPooling2D)  (None, 32, 32, 32)           0         ['image_bn1[0][0]']           
                                                                                                  
 audio_pool1 (MaxPooling2D)  (None, 20, 20, 32)           0         ['audio_bn1[0][0]']           
                                                                                                  
 tof (InputLayer)            [(None, 50, 2)]              0         []                            
                                                                                                  
 imu_conv1 (Conv1D)          (None, 50, 64)               2624      ['imu[0][0]']                 
                                                                                                  
 image_conv2 (Conv2D)        (None, 32, 32, 64)           18496     ['image_pool1[0][0]']         
                                                                                                  
 audio_conv2 (Conv2D)        (None, 20, 20, 64)           18496     ['audio_pool1[0][0]']         
                                                                                                  
 tof_conv1 (Conv1D)          (None, 50, 48)               528       ['tof[0][0]']                 
                                                                                                  
 imu_bn1 (BatchNormalizatio  (None, 50, 64)               256       ['imu_conv1[0][0]']           
 n)                                                                                               
                                                                                                  
 image_bn2 (BatchNormalizat  (None, 32, 32, 64)           256       ['image_conv2[0][0]']         
 ion)                                                                                             
                                                                                                  
 audio_bn2 (BatchNormalizat  (None, 20, 20, 64)           256       ['audio_conv2[0][0]']         
 ion)                                                                                             
                                                                                                  
 tof_bn1 (BatchNormalizatio  (None, 50, 48)               192       ['tof_conv1[0][0]']           
 n)                                                                                               
                                                                                                  
 imu_pool1 (MaxPooling1D)    (None, 25, 64)               0         ['imu_bn1[0][0]']             
                                                                                                  
 image_pool2 (MaxPooling2D)  (None, 16, 16, 64)           0         ['image_bn2[0][0]']           
                                                                                                  
 audio_pool2 (MaxPooling2D)  (None, 10, 10, 64)           0         ['audio_bn2[0][0]']           
                                                                                                  
 tof_pool1 (MaxPooling1D)    (None, 25, 48)               0         ['tof_bn1[0][0]']             
                                                                                                  
 imu_conv2 (Conv1D)          (None, 25, 128)              24704     ['imu_pool1[0][0]']           
                                                                                                  
 image_conv3 (Conv2D)        (None, 16, 16, 128)          73856     ['image_pool2[0][0]']         
                                                                                                  
 audio_conv3 (Conv2D)        (None, 10, 10, 128)          73856     ['audio_pool2[0][0]']         
                                                                                                  
 tof_conv2 (Conv1D)          (None, 25, 96)               13920     ['tof_pool1[0][0]']           
                                                                                                  
 imu_bn2 (BatchNormalizatio  (None, 25, 128)              512       ['imu_conv2[0][0]']           
 n)                                                                                               
                                                                                                  
 image_bn3 (BatchNormalizat  (None, 16, 16, 128)          512       ['image_conv3[0][0]']         
 ion)                                                                                             
                                                                                                  
 audio_bn3 (BatchNormalizat  (None, 10, 10, 128)          512       ['audio_conv3[0][0]']         
 ion)                                                                                             
                                                                                                  
 tof_bn2 (BatchNormalizatio  (None, 25, 96)               384       ['tof_conv2[0][0]']           
 n)                                                                                               
                                                                                                  
 imu_gru (GRU)               (None, 64)                   37248     ['imu_bn2[0][0]']             
                                                                                                  
 image_gap (GlobalAveragePo  (None, 128)                  0         ['image_bn3[0][0]']           
 oling2D)                                                                                         
                                                                                                  
 audio_gap (GlobalAveragePo  (None, 128)                  0         ['audio_bn3[0][0]']           
 oling2D)                                                                                         
                                                                                                  
 tof_gap (GlobalAveragePool  (None, 96)                   0         ['tof_bn2[0][0]']             
 ing1D)                                                                                           
                                                                                                  
 imu_feat (Dense)            (None, 128)                  8320      ['imu_gru[0][0]']             
                                                                                                  
 image_feat (Dense)          (None, 128)                  16512     ['image_gap[0][0]']           
                                                                                                  
 audio_feat (Dense)          (None, 128)                  16512     ['audio_gap[0][0]']           
                                                                                                  
 tof_feat (Dense)            (None, 128)                  12416     ['tof_gap[0][0]']             
                                                                                                  
 imu_dropout (Dropout)       (None, 128)                  0         ['imu_feat[0][0]']            
                                                                                                  
 image_dropout (Dropout)     (None, 128)                  0         ['image_feat[0][0]']          
                                                                                                  
 audio_dropout (Dropout)     (None, 128)                  0         ['audio_feat[0][0]']          
                                                                                                  
 tof_dropout (Dropout)       (None, 128)                  0         ['tof_feat[0][0]']            
                                                                                                  
 concat_fusion (Concatenate  (None, 512)                  0         ['imu_dropout[0][0]',         
 )                                                                   'image_dropout[0][0]',       
                                                                     'audio_dropout[0][0]',       
                                                                     'tof_dropout[0][0]']         
                                                                                                  
 concat_fused_dense (Dense)  (None, 128)                  65664     ['concat_fusion[0][0]']       
                                                                                                  
 concat_fused_bn (BatchNorm  (None, 128)                  512       ['concat_fused_dense[0][0]']  
 alization)                                                                                       
                                                                                                  
 concat_fused_dropout (Drop  (None, 128)                  0         ['concat_fused_bn[0][0]']     
 out)                                                                                             
                                                                                                  
 head_dense1 (Dense)         (None, 128)                  16512     ['concat_fused_dropout[0][0]']
                                                                                                  
 head_bn1 (BatchNormalizati  (None, 128)                  512       ['head_dense1[0][0]']         
 on)                                                                                              
                                                                                                  
 head_dropout1 (Dropout)     (None, 128)                  0         ['head_bn1[0][0]']            
                                                                                                  
 head_dense2 (Dense)         (None, 64)                   8256      ['head_dropout1[0][0]']       
                                                                                                  
 head_dropout2 (Dropout)     (None, 64)                   0         ['head_dense2[0][0]']         
                                                                                                  
 output (Dense)              (None, 3)                    195       ['head_dropout2[0][0]']       
                                                                                                  
==================================================================================================
Total params: 414355 (1.58 MB)
Trainable params: 412275 (1.57 MB)
Non-trainable params: 2080 (8.12 KB)
__________________________________________________________________________________________________
Epoch 1/100
2026-05-18 18:44:23.974361: I tensorflow/compiler/xla/stream_executor/cuda/cuda_dnn.cc:442] Loaded cuDNN version 8905
2026-05-18 18:44:24.000198: I tensorflow/tsl/platform/default/subprocess.cc:304] Start cannot spawn child process: No such file or directory
2026-05-18 18:44:24.016702: W tensorflow/compiler/xla/stream_executor/gpu/redzone_allocator.cc:322] UNIMPLEMENTED: /usr/local/cuda-11.8/bin/ptxas ptxas too old. Falling back to the driver to compile.
Relying on driver to perform ptx compilation. 
Modify $PATH to customize ptxas location.
This message will be only logged once.
2026-05-18 18:44:24.147391: W tensorflow/compiler/mlir/tools/kernel_gen/transforms/gpu_kernel_to_blob_pass.cc:191] Failed to compile generated PTX with ptxas. Falling back to compilation by driver.
2026-05-18 18:44:24.213565: W tensorflow/compiler/mlir/tools/kernel_gen/transforms/gpu_kernel_to_blob_pass.cc:191] Failed to compile generated PTX with ptxas. Falling back to compilation by driver.
2026-05-18 18:44:24.213615: W tensorflow/compiler/mlir/tools/kernel_gen/transforms/gpu_kernel_to_blob_pass.cc:191] Failed to compile generated PTX with ptxas. Falling back to compilation by driver.
2026-05-18 18:44:24.213650: W tensorflow/compiler/mlir/tools/kernel_gen/transforms/gpu_kernel_to_blob_pass.cc:191] Failed to compile generated PTX with ptxas. Falling back to compilation by driver.
2026-05-18 18:44:24.213689: W tensorflow/compiler/mlir/tools/kernel_gen/transforms/gpu_kernel_to_blob_pass.cc:191] Failed to compile generated PTX with ptxas. Falling back to compilation by driver.
2026-05-18 18:44:24.213725: W tensorflow/compiler/mlir/tools/kernel_gen/transforms/gpu_kernel_to_blob_pass.cc:191] Failed to compile generated PTX with ptxas. Falling back to compilation by driver.
2026-05-18 18:44:24.213756: W tensorflow/compiler/mlir/tools/kernel_gen/transforms/gpu_kernel_to_blob_pass.cc:191] Failed to compile generated PTX with ptxas. Falling back to compilation by driver.
2026-05-18 18:44:24.213782: W tensorflow/compiler/mlir/tools/kernel_gen/transforms/gpu_kernel_to_blob_pass.cc:191] Failed to compile generated PTX with ptxas. Falling back to compilation by driver.
2026-05-18 18:44:24.213810: W tensorflow/compiler/mlir/tools/kernel_gen/transforms/gpu_kernel_to_blob_pass.cc:191] Failed to compile generated PTX with ptxas. Falling back to compilation by driver.
2026-05-18 18:44:24.313419: W tensorflow/compiler/mlir/tools/kernel_gen/transforms/gpu_kernel_to_blob_pass.cc:191] Failed to compile generated PTX with ptxas. Falling back to compilation by driver.
2026-05-18 18:44:24.397816: W tensorflow/compiler/mlir/tools/kernel_gen/transforms/gpu_kernel_to_blob_pass.cc:191] Failed to compile generated PTX with ptxas. Falling back to compilation by driver.
2026-05-18 18:44:24.397862: W tensorflow/compiler/mlir/tools/kernel_gen/transforms/gpu_kernel_to_blob_pass.cc:191] Failed to compile generated PTX with ptxas. Falling back to compilation by driver.
2026-05-18 18:44:24.397907: W tensorflow/compiler/mlir/tools/kernel_gen/transforms/gpu_kernel_to_blob_pass.cc:191] Failed to compile generated PTX with ptxas. Falling back to compilation by driver.
2026-05-18 18:44:24.397945: W tensorflow/compiler/mlir/tools/kernel_gen/transforms/gpu_kernel_to_blob_pass.cc:191] Failed to compile generated PTX with ptxas. Falling back to compilation by driver.
2026-05-18 18:44:24.397977: W tensorflow/compiler/mlir/tools/kernel_gen/transforms/gpu_kernel_to_blob_pass.cc:191] Failed to compile generated PTX with ptxas. Falling back to compilation by driver.
2026-05-18 18:44:24.398013: W tensorflow/compiler/mlir/tools/kernel_gen/transforms/gpu_kernel_to_blob_pass.cc:191] Failed to compile generated PTX with ptxas. Falling back to compilation by driver.
2026-05-18 18:44:24.398044: W tensorflow/compiler/mlir/tools/kernel_gen/transforms/gpu_kernel_to_blob_pass.cc:191] Failed to compile generated PTX with ptxas. Falling back to compilation by driver.
2026-05-18 18:44:24.398072: W tensorflow/compiler/mlir/tools/kernel_gen/transforms/gpu_kernel_to_blob_pass.cc:191] Failed to compile generated PTX with ptxas. Falling back to compilation by driver.
2026-05-18 18:44:24.398098: W tensorflow/compiler/mlir/tools/kernel_gen/transforms/gpu_kernel_to_blob_pass.cc:191] Failed to compile generated PTX with ptxas. Falling back to compilation by driver.
2026-05-18 18:44:24.563275: W tensorflow/compiler/mlir/tools/kernel_gen/transforms/gpu_kernel_to_blob_pass.cc:191] Failed to compile generated PTX with ptxas. Falling back to compilation by driver.
2026-05-18 18:44:24.612870: W tensorflow/compiler/mlir/tools/kernel_gen/transforms/gpu_kernel_to_blob_pass.cc:191] Failed to compile generated PTX with ptxas. Falling back to compilation by driver.
2026-05-18 18:44:24.612944: W tensorflow/compiler/mlir/tools/kernel_gen/transforms/gpu_kernel_to_blob_pass.cc:191] Failed to compile generated PTX with ptxas. Falling back to compilation by driver.
2026-05-18 18:44:24.618298: I tensorflow/compiler/xla/service/service.cc:168] XLA service 0x75364c42a230 initialized for platform CUDA (this does not guarantee that XLA will be used). Devices:
2026-05-18 18:44:24.618340: I tensorflow/compiler/xla/service/service.cc:176]   StreamExecutor device (0): NVIDIA GeForce RTX 5090, Compute Capability 12.0
2026-05-18 18:44:24.620705: I tensorflow/compiler/mlir/tensorflow/utils/dump_mlir_util.cc:269] disabling MLIR crash reproducer, set env var `MLIR_CRASH_REPRODUCER_DIRECTORY` to enable.
2026-05-18 18:44:24.640440: W tensorflow/compiler/xla/service/gpu/nvptx_compiler.cc:445] Couldn't read CUDA driver version.
2026-05-18 18:44:24.647513: I ./tensorflow/compiler/jit/device_compiler.h:186] Compiled cluster using XLA!  This line is logged at most once for the lifetime of the process.
2026-05-18 18:44:24.757974: W tensorflow/compiler/mlir/tools/kernel_gen/transforms/gpu_kernel_to_blob_pass.cc:191] Failed to compile generated PTX with ptxas. Falling back to compilation by driver.

Epoch 1: val_loss improved from inf to 0.29257, saving model to models_m14_rgb64/stage2/stage2_activity_imu_image_audio_tof_concat_seed42/best_model.h5
/usr/local/lib/python3.11/dist-packages/keras/src/engine/training.py:3079: UserWarning: You are saving your model as an HDF5 file via `model.save()`. This file format is considered legacy. We recommend using instead the native Keras format, e.g. `model.save('my_model.keras')`.
  saving_api.save_model(
931/931 - 9s - loss: 0.4461 - accuracy: 0.9351 - val_loss: 0.2926 - val_accuracy: 0.9949 - lr: 5.0000e-04 - 9s/epoch - 10ms/step
Epoch 2/100

Epoch 2: val_loss improved from 0.29257 to 0.26876, saving model to models_m14_rgb64/stage2/stage2_activity_imu_image_audio_tof_concat_seed42/best_model.h5
931/931 - 5s - loss: 0.3189 - accuracy: 0.9864 - val_loss: 0.2688 - val_accuracy: 0.9952 - lr: 5.0000e-04 - 5s/epoch - 5ms/step
Epoch 3/100

Epoch 3: val_loss improved from 0.26876 to 0.25271, saving model to models_m14_rgb64/stage2/stage2_activity_imu_image_audio_tof_concat_seed42/best_model.h5
931/931 - 5s - loss: 0.2907 - accuracy: 0.9914 - val_loss: 0.2527 - val_accuracy: 0.9963 - lr: 5.0000e-04 - 5s/epoch - 5ms/step
Epoch 4/100

Epoch 4: val_loss improved from 0.25271 to 0.24044, saving model to models_m14_rgb64/stage2/stage2_activity_imu_image_audio_tof_concat_seed42/best_model.h5
931/931 - 6s - loss: 0.2725 - accuracy: 0.9932 - val_loss: 0.2404 - val_accuracy: 0.9985 - lr: 5.0000e-04 - 6s/epoch - 7ms/step
Epoch 5/100

Epoch 5: val_loss improved from 0.24044 to 0.23349, saving model to models_m14_rgb64/stage2/stage2_activity_imu_image_audio_tof_concat_seed42/best_model.h5
931/931 - 6s - loss: 0.2610 - accuracy: 0.9935 - val_loss: 0.2335 - val_accuracy: 0.9971 - lr: 5.0000e-04 - 6s/epoch - 6ms/step
Epoch 6/100

Epoch 6: val_loss improved from 0.23349 to 0.22257, saving model to models_m14_rgb64/stage2/stage2_activity_imu_image_audio_tof_concat_seed42/best_model.h5
931/931 - 5s - loss: 0.2445 - accuracy: 0.9949 - val_loss: 0.2226 - val_accuracy: 0.9978 - lr: 5.0000e-04 - 5s/epoch - 5ms/step
Epoch 7/100

Epoch 7: val_loss improved from 0.22257 to 0.21092, saving model to models_m14_rgb64/stage2/stage2_activity_imu_image_audio_tof_concat_seed42/best_model.h5
931/931 - 5s - loss: 0.2277 - accuracy: 0.9971 - val_loss: 0.2109 - val_accuracy: 0.9971 - lr: 5.0000e-04 - 5s/epoch - 5ms/step
Epoch 8/100

Epoch 8: val_loss improved from 0.21092 to 0.20841, saving model to models_m14_rgb64/stage2/stage2_activity_imu_image_audio_tof_concat_seed42/best_model.h5
931/931 - 5s - loss: 0.2230 - accuracy: 0.9953 - val_loss: 0.2084 - val_accuracy: 0.9971 - lr: 5.0000e-04 - 5s/epoch - 5ms/step
Epoch 9/100

Epoch 9: val_loss improved from 0.20841 to 0.19440, saving model to models_m14_rgb64/stage2/stage2_activity_imu_image_audio_tof_concat_seed42/best_model.h5
931/931 - 5s - loss: 0.2125 - accuracy: 0.9972 - val_loss: 0.1944 - val_accuracy: 0.9985 - lr: 5.0000e-04 - 5s/epoch - 5ms/step
Epoch 10/100

Epoch 10: val_loss did not improve from 0.19440
931/931 - 5s - loss: 0.2145 - accuracy: 0.9949 - val_loss: 0.2007 - val_accuracy: 0.9967 - lr: 5.0000e-04 - 5s/epoch - 5ms/step
Epoch 11/100

Epoch 11: val_loss improved from 0.19440 to 0.18720, saving model to models_m14_rgb64/stage2/stage2_activity_imu_image_audio_tof_concat_seed42/best_model.h5
931/931 - 5s - loss: 0.2054 - accuracy: 0.9970 - val_loss: 0.1872 - val_accuracy: 0.9985 - lr: 5.0000e-04 - 5s/epoch - 5ms/step
Epoch 12/100

Epoch 12: val_loss did not improve from 0.18720
931/931 - 5s - loss: 0.2032 - accuracy: 0.9970 - val_loss: 0.1981 - val_accuracy: 0.9960 - lr: 5.0000e-04 - 5s/epoch - 5ms/step
Epoch 13/100

Epoch 13: val_loss did not improve from 0.18720
931/931 - 5s - loss: 0.2013 - accuracy: 0.9972 - val_loss: 0.2597 - val_accuracy: 0.9634 - lr: 5.0000e-04 - 5s/epoch - 5ms/step
Epoch 14/100

Epoch 14: val_loss improved from 0.18720 to 0.18652, saving model to models_m14_rgb64/stage2/stage2_activity_imu_image_audio_tof_concat_seed42/best_model.h5
931/931 - 5s - loss: 0.2025 - accuracy: 0.9963 - val_loss: 0.1865 - val_accuracy: 0.9989 - lr: 5.0000e-04 - 5s/epoch - 5ms/step
Epoch 15/100

Epoch 15: val_loss did not improve from 0.18652
931/931 - 5s - loss: 0.1977 - accuracy: 0.9975 - val_loss: 0.2130 - val_accuracy: 0.9868 - lr: 5.0000e-04 - 5s/epoch - 5ms/step
Epoch 16/100

Epoch 16: val_loss did not improve from 0.18652
931/931 - 5s - loss: 0.2009 - accuracy: 0.9961 - val_loss: 0.1889 - val_accuracy: 0.9967 - lr: 5.0000e-04 - 5s/epoch - 5ms/step
Epoch 17/100

Epoch 17: val_loss improved from 0.18652 to 0.18204, saving model to models_m14_rgb64/stage2/stage2_activity_imu_image_audio_tof_concat_seed42/best_model.h5
931/931 - 5s - loss: 0.1969 - accuracy: 0.9980 - val_loss: 0.1820 - val_accuracy: 0.9993 - lr: 5.0000e-04 - 5s/epoch - 5ms/step
Epoch 18/100

Epoch 18: val_loss did not improve from 0.18204
931/931 - 5s - loss: 0.1982 - accuracy: 0.9969 - val_loss: 0.2645 - val_accuracy: 0.9645 - lr: 5.0000e-04 - 5s/epoch - 5ms/step
Epoch 19/100

Epoch 19: val_loss did not improve from 0.18204
931/931 - 5s - loss: 0.1957 - accuracy: 0.9978 - val_loss: 0.1872 - val_accuracy: 0.9971 - lr: 5.0000e-04 - 5s/epoch - 5ms/step
Epoch 20/100

Epoch 20: val_loss improved from 0.18204 to 0.18098, saving model to models_m14_rgb64/stage2/stage2_activity_imu_image_audio_tof_concat_seed42/best_model.h5
931/931 - 5s - loss: 0.2047 - accuracy: 0.9952 - val_loss: 0.1810 - val_accuracy: 1.0000 - lr: 5.0000e-04 - 5s/epoch - 5ms/step
Epoch 21/100

Epoch 21: val_loss improved from 0.18098 to 0.17953, saving model to models_m14_rgb64/stage2/stage2_activity_imu_image_audio_tof_concat_seed42/best_model.h5
931/931 - 5s - loss: 0.1951 - accuracy: 0.9979 - val_loss: 0.1795 - val_accuracy: 1.0000 - lr: 5.0000e-04 - 5s/epoch - 5ms/step
Epoch 22/100

Epoch 22: val_loss did not improve from 0.17953
931/931 - 5s - loss: 0.1949 - accuracy: 0.9978 - val_loss: 0.1861 - val_accuracy: 0.9967 - lr: 5.0000e-04 - 5s/epoch - 5ms/step
Epoch 23/100

Epoch 23: val_loss did not improve from 0.17953
931/931 - 6s - loss: 0.1960 - accuracy: 0.9974 - val_loss: 0.1835 - val_accuracy: 0.9989 - lr: 5.0000e-04 - 6s/epoch - 7ms/step
Epoch 24/100

Epoch 24: val_loss did not improve from 0.17953
931/931 - 6s - loss: 0.1947 - accuracy: 0.9977 - val_loss: 0.1824 - val_accuracy: 0.9985 - lr: 5.0000e-04 - 6s/epoch - 6ms/step
Epoch 25/100

Epoch 25: val_loss did not improve from 0.17953
931/931 - 5s - loss: 0.1960 - accuracy: 0.9971 - val_loss: 0.1847 - val_accuracy: 0.9985 - lr: 5.0000e-04 - 5s/epoch - 5ms/step
Epoch 26/100

Epoch 26: val_loss did not improve from 0.17953

Epoch 26: ReduceLROnPlateau reducing learning rate to 0.0002500000118743628.
931/931 - 5s - loss: 0.1944 - accuracy: 0.9977 - val_loss: 0.1816 - val_accuracy: 0.9993 - lr: 5.0000e-04 - 5s/epoch - 5ms/step
Epoch 27/100

Epoch 27: val_loss did not improve from 0.17953
931/931 - 5s - loss: 0.1925 - accuracy: 0.9979 - val_loss: 0.1805 - val_accuracy: 1.0000 - lr: 2.5000e-04 - 5s/epoch - 5ms/step
Epoch 28/100

Epoch 28: val_loss did not improve from 0.17953
931/931 - 5s - loss: 0.1907 - accuracy: 0.9984 - val_loss: 0.1795 - val_accuracy: 0.9989 - lr: 2.5000e-04 - 5s/epoch - 5ms/step
Epoch 29/100

Epoch 29: val_loss improved from 0.17953 to 0.17687, saving model to models_m14_rgb64/stage2/stage2_activity_imu_image_audio_tof_concat_seed42/best_model.h5
931/931 - 5s - loss: 0.1884 - accuracy: 0.9989 - val_loss: 0.1769 - val_accuracy: 1.0000 - lr: 2.5000e-04 - 5s/epoch - 5ms/step
Epoch 30/100

Epoch 30: val_loss did not improve from 0.17687
931/931 - 5s - loss: 0.1875 - accuracy: 0.9992 - val_loss: 0.1781 - val_accuracy: 0.9985 - lr: 2.5000e-04 - 5s/epoch - 5ms/step
Epoch 31/100

Epoch 31: val_loss did not improve from 0.17687
931/931 - 5s - loss: 0.1911 - accuracy: 0.9980 - val_loss: 0.1790 - val_accuracy: 0.9993 - lr: 2.5000e-04 - 5s/epoch - 5ms/step
Epoch 32/100

Epoch 32: val_loss did not improve from 0.17687
931/931 - 5s - loss: 0.1876 - accuracy: 0.9989 - val_loss: 0.1780 - val_accuracy: 0.9985 - lr: 2.5000e-04 - 5s/epoch - 5ms/step
Epoch 33/100

Epoch 33: val_loss did not improve from 0.17687
931/931 - 5s - loss: 0.1871 - accuracy: 0.9990 - val_loss: 0.1795 - val_accuracy: 0.9989 - lr: 2.5000e-04 - 5s/epoch - 5ms/step
Epoch 34/100

Epoch 34: val_loss did not improve from 0.17687

Epoch 34: ReduceLROnPlateau reducing learning rate to 0.0001250000059371814.
931/931 - 5s - loss: 0.1861 - accuracy: 0.9991 - val_loss: 0.1784 - val_accuracy: 0.9989 - lr: 2.5000e-04 - 5s/epoch - 5ms/step
Epoch 35/100

Epoch 35: val_loss improved from 0.17687 to 0.17570, saving model to models_m14_rgb64/stage2/stage2_activity_imu_image_audio_tof_concat_seed42/best_model.h5
931/931 - 5s - loss: 0.1860 - accuracy: 0.9991 - val_loss: 0.1757 - val_accuracy: 0.9996 - lr: 1.2500e-04 - 5s/epoch - 5ms/step
Epoch 36/100

Epoch 36: val_loss did not improve from 0.17570
931/931 - 5s - loss: 0.1845 - accuracy: 0.9994 - val_loss: 0.1761 - val_accuracy: 0.9993 - lr: 1.2500e-04 - 5s/epoch - 5ms/step
Epoch 37/100

Epoch 37: val_loss improved from 0.17570 to 0.17473, saving model to models_m14_rgb64/stage2/stage2_activity_imu_image_audio_tof_concat_seed42/best_model.h5
931/931 - 5s - loss: 0.1860 - accuracy: 0.9990 - val_loss: 0.1747 - val_accuracy: 1.0000 - lr: 1.2500e-04 - 5s/epoch - 5ms/step
Epoch 38/100

Epoch 38: val_loss did not improve from 0.17473
931/931 - 5s - loss: 0.1837 - accuracy: 0.9997 - val_loss: 0.1753 - val_accuracy: 0.9996 - lr: 1.2500e-04 - 5s/epoch - 5ms/step
Epoch 39/100

Epoch 39: val_loss did not improve from 0.17473
931/931 - 5s - loss: 0.1842 - accuracy: 0.9993 - val_loss: 0.1755 - val_accuracy: 0.9996 - lr: 1.2500e-04 - 5s/epoch - 5ms/step
Epoch 40/100

Epoch 40: val_loss improved from 0.17473 to 0.17465, saving model to models_m14_rgb64/stage2/stage2_activity_imu_image_audio_tof_concat_seed42/best_model.h5
931/931 - 5s - loss: 0.1835 - accuracy: 0.9996 - val_loss: 0.1747 - val_accuracy: 0.9996 - lr: 1.2500e-04 - 5s/epoch - 5ms/step
Epoch 41/100

Epoch 41: val_loss improved from 0.17465 to 0.17439, saving model to models_m14_rgb64/stage2/stage2_activity_imu_image_audio_tof_concat_seed42/best_model.h5
931/931 - 6s - loss: 0.1828 - accuracy: 0.9996 - val_loss: 0.1744 - val_accuracy: 0.9996 - lr: 1.2500e-04 - 6s/epoch - 6ms/step
Epoch 42/100

Epoch 42: val_loss did not improve from 0.17439
931/931 - 6s - loss: 0.1842 - accuracy: 0.9992 - val_loss: 0.1749 - val_accuracy: 0.9996 - lr: 1.2500e-04 - 6s/epoch - 7ms/step
Epoch 43/100

Epoch 43: val_loss did not improve from 0.17439
931/931 - 5s - loss: 0.1829 - accuracy: 0.9994 - val_loss: 0.1748 - val_accuracy: 0.9996 - lr: 1.2500e-04 - 5s/epoch - 6ms/step
Epoch 44/100

Epoch 44: val_loss improved from 0.17439 to 0.17336, saving model to models_m14_rgb64/stage2/stage2_activity_imu_image_audio_tof_concat_seed42/best_model.h5
931/931 - 5s - loss: 0.1827 - accuracy: 0.9996 - val_loss: 0.1734 - val_accuracy: 1.0000 - lr: 1.2500e-04 - 5s/epoch - 5ms/step
Epoch 45/100

Epoch 45: val_loss improved from 0.17336 to 0.17315, saving model to models_m14_rgb64/stage2/stage2_activity_imu_image_audio_tof_concat_seed42/best_model.h5
931/931 - 5s - loss: 0.1823 - accuracy: 0.9996 - val_loss: 0.1731 - val_accuracy: 1.0000 - lr: 1.2500e-04 - 5s/epoch - 5ms/step
Epoch 46/100

Epoch 46: val_loss improved from 0.17315 to 0.17311, saving model to models_m14_rgb64/stage2/stage2_activity_imu_image_audio_tof_concat_seed42/best_model.h5
931/931 - 5s - loss: 0.1824 - accuracy: 0.9994 - val_loss: 0.1731 - val_accuracy: 1.0000 - lr: 1.2500e-04 - 5s/epoch - 5ms/step
Epoch 47/100

Epoch 47: val_loss did not improve from 0.17311
931/931 - 5s - loss: 0.1832 - accuracy: 0.9994 - val_loss: 0.1732 - val_accuracy: 1.0000 - lr: 1.2500e-04 - 5s/epoch - 5ms/step
Epoch 48/100

Epoch 48: val_loss improved from 0.17311 to 0.17293, saving model to models_m14_rgb64/stage2/stage2_activity_imu_image_audio_tof_concat_seed42/best_model.h5
931/931 - 5s - loss: 0.1826 - accuracy: 0.9995 - val_loss: 0.1729 - val_accuracy: 1.0000 - lr: 1.2500e-04 - 5s/epoch - 5ms/step
Epoch 49/100

Epoch 49: val_loss did not improve from 0.17293
931/931 - 5s - loss: 0.1826 - accuracy: 0.9993 - val_loss: 0.1730 - val_accuracy: 1.0000 - lr: 1.2500e-04 - 5s/epoch - 5ms/step
Epoch 50/100

Epoch 50: val_loss improved from 0.17293 to 0.17284, saving model to models_m14_rgb64/stage2/stage2_activity_imu_image_audio_tof_concat_seed42/best_model.h5
931/931 - 5s - loss: 0.1823 - accuracy: 0.9996 - val_loss: 0.1728 - val_accuracy: 1.0000 - lr: 1.2500e-04 - 5s/epoch - 5ms/step
Epoch 51/100

Epoch 51: val_loss did not improve from 0.17284
931/931 - 5s - loss: 0.1821 - accuracy: 0.9996 - val_loss: 0.1740 - val_accuracy: 0.9996 - lr: 1.2500e-04 - 5s/epoch - 5ms/step
Epoch 52/100

Epoch 52: val_loss did not improve from 0.17284
931/931 - 5s - loss: 0.1824 - accuracy: 0.9994 - val_loss: 0.1751 - val_accuracy: 0.9993 - lr: 1.2500e-04 - 5s/epoch - 5ms/step
Epoch 53/100

Epoch 53: val_loss did not improve from 0.17284

Epoch 53: ReduceLROnPlateau reducing learning rate to 6.25000029685907e-05.
931/931 - 5s - loss: 0.1819 - accuracy: 0.9995 - val_loss: 0.1731 - val_accuracy: 0.9996 - lr: 1.2500e-04 - 5s/epoch - 5ms/step
Epoch 54/100

Epoch 54: val_loss did not improve from 0.17284
931/931 - 5s - loss: 0.1815 - accuracy: 0.9996 - val_loss: 0.1760 - val_accuracy: 0.9985 - lr: 6.2500e-05 - 5s/epoch - 5ms/step
Epoch 55/100

Epoch 55: val_loss did not improve from 0.17284
931/931 - 5s - loss: 0.1817 - accuracy: 0.9996 - val_loss: 0.1731 - val_accuracy: 0.9996 - lr: 6.2500e-05 - 5s/epoch - 5ms/step
Epoch 56/100

Epoch 56: val_loss improved from 0.17284 to 0.17234, saving model to models_m14_rgb64/stage2/stage2_activity_imu_image_audio_tof_concat_seed42/best_model.h5
931/931 - 5s - loss: 0.1813 - accuracy: 0.9996 - val_loss: 0.1723 - val_accuracy: 1.0000 - lr: 6.2500e-05 - 5s/epoch - 5ms/step
Epoch 57/100

Epoch 57: val_loss did not improve from 0.17234
931/931 - 5s - loss: 0.1812 - accuracy: 0.9996 - val_loss: 0.1724 - val_accuracy: 1.0000 - lr: 6.2500e-05 - 5s/epoch - 5ms/step
Epoch 58/100

Epoch 58: val_loss did not improve from 0.17234
931/931 - 5s - loss: 0.1812 - accuracy: 0.9996 - val_loss: 0.1724 - val_accuracy: 1.0000 - lr: 6.2500e-05 - 5s/epoch - 5ms/step
Epoch 59/100

Epoch 59: val_loss did not improve from 0.17234
931/931 - 5s - loss: 0.1809 - accuracy: 0.9996 - val_loss: 0.1726 - val_accuracy: 1.0000 - lr: 6.2500e-05 - 5s/epoch - 6ms/step
Epoch 60/100

Epoch 60: val_loss did not improve from 0.17234
931/931 - 6s - loss: 0.1809 - accuracy: 0.9996 - val_loss: 0.1725 - val_accuracy: 1.0000 - lr: 6.2500e-05 - 6s/epoch - 7ms/step
Epoch 61/100

Epoch 61: val_loss did not improve from 0.17234

Epoch 61: ReduceLROnPlateau reducing learning rate to 3.125000148429535e-05.
931/931 - 5s - loss: 0.1808 - accuracy: 0.9997 - val_loss: 0.1728 - val_accuracy: 0.9996 - lr: 6.2500e-05 - 5s/epoch - 6ms/step
Epoch 62/100

Epoch 62: val_loss did not improve from 0.17234
931/931 - 5s - loss: 0.1807 - accuracy: 0.9998 - val_loss: 0.1725 - val_accuracy: 1.0000 - lr: 3.1250e-05 - 5s/epoch - 5ms/step
Epoch 63/100

Epoch 63: val_loss did not improve from 0.17234
931/931 - 5s - loss: 0.1804 - accuracy: 0.9998 - val_loss: 0.1725 - val_accuracy: 1.0000 - lr: 3.1250e-05 - 5s/epoch - 5ms/step
Epoch 64/100

Epoch 64: val_loss improved from 0.17234 to 0.17219, saving model to models_m14_rgb64/stage2/stage2_activity_imu_image_audio_tof_concat_seed42/best_model.h5
931/931 - 5s - loss: 0.1805 - accuracy: 0.9998 - val_loss: 0.1722 - val_accuracy: 1.0000 - lr: 3.1250e-05 - 5s/epoch - 5ms/step
Epoch 65/100

Epoch 65: val_loss did not improve from 0.17219
931/931 - 5s - loss: 0.1807 - accuracy: 0.9996 - val_loss: 0.1722 - val_accuracy: 1.0000 - lr: 3.1250e-05 - 5s/epoch - 5ms/step
Epoch 66/100

Epoch 66: val_loss did not improve from 0.17219
931/931 - 5s - loss: 0.1804 - accuracy: 0.9998 - val_loss: 0.1722 - val_accuracy: 1.0000 - lr: 3.1250e-05 - 5s/epoch - 5ms/step
Epoch 67/100

Epoch 67: val_loss improved from 0.17219 to 0.17213, saving model to models_m14_rgb64/stage2/stage2_activity_imu_image_audio_tof_concat_seed42/best_model.h5
931/931 - 5s - loss: 0.1806 - accuracy: 0.9997 - val_loss: 0.1721 - val_accuracy: 1.0000 - lr: 3.1250e-05 - 5s/epoch - 5ms/step
Epoch 68/100

Epoch 68: val_loss improved from 0.17213 to 0.17201, saving model to models_m14_rgb64/stage2/stage2_activity_imu_image_audio_tof_concat_seed42/best_model.h5
931/931 - 5s - loss: 0.1801 - accuracy: 0.9998 - val_loss: 0.1720 - val_accuracy: 1.0000 - lr: 3.1250e-05 - 5s/epoch - 5ms/step
Epoch 69/100

Epoch 69: val_loss improved from 0.17201 to 0.17192, saving model to models_m14_rgb64/stage2/stage2_activity_imu_image_audio_tof_concat_seed42/best_model.h5
931/931 - 5s - loss: 0.1801 - accuracy: 0.9998 - val_loss: 0.1719 - val_accuracy: 1.0000 - lr: 3.1250e-05 - 5s/epoch - 5ms/step
Epoch 70/100

Epoch 70: val_loss improved from 0.17192 to 0.17182, saving model to models_m14_rgb64/stage2/stage2_activity_imu_image_audio_tof_concat_seed42/best_model.h5
931/931 - 5s - loss: 0.1797 - accuracy: 0.9998 - val_loss: 0.1718 - val_accuracy: 1.0000 - lr: 3.1250e-05 - 5s/epoch - 5ms/step
Epoch 71/100

Epoch 71: val_loss did not improve from 0.17182
931/931 - 5s - loss: 0.1802 - accuracy: 0.9997 - val_loss: 0.1718 - val_accuracy: 1.0000 - lr: 3.1250e-05 - 5s/epoch - 5ms/step
Epoch 72/100

Epoch 72: val_loss did not improve from 0.17182
931/931 - 5s - loss: 0.1799 - accuracy: 0.9998 - val_loss: 0.1718 - val_accuracy: 1.0000 - lr: 3.1250e-05 - 5s/epoch - 5ms/step
Epoch 73/100

Epoch 73: val_loss improved from 0.17182 to 0.17175, saving model to models_m14_rgb64/stage2/stage2_activity_imu_image_audio_tof_concat_seed42/best_model.h5
931/931 - 5s - loss: 0.1801 - accuracy: 0.9997 - val_loss: 0.1718 - val_accuracy: 1.0000 - lr: 3.1250e-05 - 5s/epoch - 5ms/step
Epoch 74/100

Epoch 74: val_loss improved from 0.17175 to 0.17173, saving model to models_m14_rgb64/stage2/stage2_activity_imu_image_audio_tof_concat_seed42/best_model.h5
931/931 - 5s - loss: 0.1800 - accuracy: 0.9998 - val_loss: 0.1717 - val_accuracy: 1.0000 - lr: 3.1250e-05 - 5s/epoch - 5ms/step
Epoch 75/100

Epoch 75: val_loss did not improve from 0.17173

Epoch 75: ReduceLROnPlateau reducing learning rate to 1.5625000742147677e-05.
931/931 - 5s - loss: 0.1803 - accuracy: 0.9997 - val_loss: 0.1718 - val_accuracy: 1.0000 - lr: 3.1250e-05 - 5s/epoch - 5ms/step
Epoch 76/100

Epoch 76: val_loss improved from 0.17173 to 0.17170, saving model to models_m14_rgb64/stage2/stage2_activity_imu_image_audio_tof_concat_seed42/best_model.h5
931/931 - 5s - loss: 0.1799 - accuracy: 0.9997 - val_loss: 0.1717 - val_accuracy: 1.0000 - lr: 1.5625e-05 - 5s/epoch - 5ms/step
Epoch 77/100

Epoch 77: val_loss improved from 0.17170 to 0.17167, saving model to models_m14_rgb64/stage2/stage2_activity_imu_image_audio_tof_concat_seed42/best_model.h5
931/931 - 5s - loss: 0.1798 - accuracy: 0.9998 - val_loss: 0.1717 - val_accuracy: 1.0000 - lr: 1.5625e-05 - 5s/epoch - 6ms/step
Epoch 78/100

Epoch 78: val_loss improved from 0.17167 to 0.17165, saving model to models_m14_rgb64/stage2/stage2_activity_imu_image_audio_tof_concat_seed42/best_model.h5
931/931 - 7s - loss: 0.1796 - accuracy: 0.9998 - val_loss: 0.1716 - val_accuracy: 1.0000 - lr: 1.5625e-05 - 7s/epoch - 7ms/step
Epoch 79/100

Epoch 79: val_loss did not improve from 0.17165
931/931 - 5s - loss: 0.1798 - accuracy: 0.9998 - val_loss: 0.1718 - val_accuracy: 1.0000 - lr: 1.5625e-05 - 5s/epoch - 5ms/step
Epoch 80/100

Epoch 80: val_loss improved from 0.17165 to 0.17160, saving model to models_m14_rgb64/stage2/stage2_activity_imu_image_audio_tof_concat_seed42/best_model.h5
931/931 - 5s - loss: 0.1796 - accuracy: 0.9998 - val_loss: 0.1716 - val_accuracy: 1.0000 - lr: 1.5625e-05 - 5s/epoch - 5ms/step
Epoch 81/100

Epoch 81: val_loss did not improve from 0.17160
931/931 - 5s - loss: 0.1799 - accuracy: 0.9997 - val_loss: 0.1716 - val_accuracy: 1.0000 - lr: 1.5625e-05 - 5s/epoch - 5ms/step
Epoch 82/100

Epoch 82: val_loss did not improve from 0.17160
931/931 - 5s - loss: 0.1796 - accuracy: 0.9998 - val_loss: 0.1716 - val_accuracy: 1.0000 - lr: 1.5625e-05 - 5s/epoch - 5ms/step
Epoch 83/100

Epoch 83: val_loss improved from 0.17160 to 0.17155, saving model to models_m14_rgb64/stage2/stage2_activity_imu_image_audio_tof_concat_seed42/best_model.h5
931/931 - 5s - loss: 0.1797 - accuracy: 0.9998 - val_loss: 0.1716 - val_accuracy: 1.0000 - lr: 1.5625e-05 - 5s/epoch - 5ms/step
Epoch 84/100

Epoch 84: val_loss did not improve from 0.17155
931/931 - 5s - loss: 0.1796 - accuracy: 0.9998 - val_loss: 0.1716 - val_accuracy: 1.0000 - lr: 1.5625e-05 - 5s/epoch - 5ms/step
Epoch 85/100

Epoch 85: val_loss did not improve from 0.17155

Epoch 85: ReduceLROnPlateau reducing learning rate to 7.812500371073838e-06.
931/931 - 5s - loss: 0.1795 - accuracy: 0.9999 - val_loss: 0.1716 - val_accuracy: 1.0000 - lr: 1.5625e-05 - 5s/epoch - 5ms/step
Epoch 86/100

Epoch 86: val_loss did not improve from 0.17155
931/931 - 5s - loss: 0.1795 - accuracy: 0.9997 - val_loss: 0.1716 - val_accuracy: 1.0000 - lr: 7.8125e-06 - 5s/epoch - 5ms/step
Epoch 87/100

Epoch 87: val_loss did not improve from 0.17155
931/931 - 5s - loss: 0.1797 - accuracy: 0.9998 - val_loss: 0.1716 - val_accuracy: 1.0000 - lr: 7.8125e-06 - 5s/epoch - 5ms/step
Epoch 88/100

Epoch 88: val_loss improved from 0.17155 to 0.17153, saving model to models_m14_rgb64/stage2/stage2_activity_imu_image_audio_tof_concat_seed42/best_model.h5
931/931 - 5s - loss: 0.1797 - accuracy: 0.9998 - val_loss: 0.1715 - val_accuracy: 1.0000 - lr: 7.8125e-06 - 5s/epoch - 5ms/step
Epoch 89/100

Epoch 89: val_loss improved from 0.17153 to 0.17153, saving model to models_m14_rgb64/stage2/stage2_activity_imu_image_audio_tof_concat_seed42/best_model.h5
931/931 - 5s - loss: 0.1793 - accuracy: 0.9999 - val_loss: 0.1715 - val_accuracy: 1.0000 - lr: 7.8125e-06 - 5s/epoch - 5ms/step
Epoch 90/100

Epoch 90: val_loss improved from 0.17153 to 0.17151, saving model to models_m14_rgb64/stage2/stage2_activity_imu_image_audio_tof_concat_seed42/best_model.h5

Epoch 90: ReduceLROnPlateau reducing learning rate to 3.906250185536919e-06.
931/931 - 5s - loss: 0.1794 - accuracy: 0.9999 - val_loss: 0.1715 - val_accuracy: 1.0000 - lr: 7.8125e-06 - 5s/epoch - 5ms/step
Epoch 91/100

Epoch 91: val_loss improved from 0.17151 to 0.17148, saving model to models_m14_rgb64/stage2/stage2_activity_imu_image_audio_tof_concat_seed42/best_model.h5
931/931 - 5s - loss: 0.1795 - accuracy: 0.9998 - val_loss: 0.1715 - val_accuracy: 1.0000 - lr: 3.9063e-06 - 5s/epoch - 5ms/step
Epoch 92/100

Epoch 92: val_loss did not improve from 0.17148
931/931 - 5s - loss: 0.1794 - accuracy: 0.9998 - val_loss: 0.1715 - val_accuracy: 1.0000 - lr: 3.9063e-06 - 5s/epoch - 5ms/step
Epoch 93/100

Epoch 93: val_loss did not improve from 0.17148
931/931 - 5s - loss: 0.1796 - accuracy: 0.9998 - val_loss: 0.1715 - val_accuracy: 1.0000 - lr: 3.9063e-06 - 5s/epoch - 5ms/step
Epoch 94/100

Epoch 94: val_loss improved from 0.17148 to 0.17144, saving model to models_m14_rgb64/stage2/stage2_activity_imu_image_audio_tof_concat_seed42/best_model.h5
931/931 - 5s - loss: 0.1793 - accuracy: 0.9998 - val_loss: 0.1714 - val_accuracy: 1.0000 - lr: 3.9063e-06 - 5s/epoch - 5ms/step
Epoch 95/100

Epoch 95: val_loss did not improve from 0.17144
931/931 - 5s - loss: 0.1794 - accuracy: 0.9998 - val_loss: 0.1715 - val_accuracy: 1.0000 - lr: 3.9063e-06 - 5s/epoch - 5ms/step
Epoch 96/100

Epoch 96: val_loss did not improve from 0.17144

Epoch 96: ReduceLROnPlateau reducing learning rate to 1.9531250927684596e-06.
931/931 - 6s - loss: 0.1793 - accuracy: 0.9999 - val_loss: 0.1715 - val_accuracy: 1.0000 - lr: 3.9063e-06 - 6s/epoch - 7ms/step
Epoch 97/100

Epoch 97: val_loss did not improve from 0.17144
931/931 - 6s - loss: 0.1794 - accuracy: 0.9998 - val_loss: 0.1715 - val_accuracy: 1.0000 - lr: 1.9531e-06 - 6s/epoch - 6ms/step
Epoch 98/100

Epoch 98: val_loss did not improve from 0.17144
931/931 - 5s - loss: 0.1795 - accuracy: 0.9998 - val_loss: 0.1714 - val_accuracy: 1.0000 - lr: 1.9531e-06 - 5s/epoch - 5ms/step
Epoch 99/100

Epoch 99: val_loss did not improve from 0.17144
931/931 - 5s - loss: 0.1794 - accuracy: 0.9998 - val_loss: 0.1715 - val_accuracy: 1.0000 - lr: 1.9531e-06 - 5s/epoch - 5ms/step
Epoch 100/100

Epoch 100: val_loss improved from 0.17144 to 0.17141, saving model to models_m14_rgb64/stage2/stage2_activity_imu_image_audio_tof_concat_seed42/best_model.h5
931/931 - 5s - loss: 0.1796 - accuracy: 0.9998 - val_loss: 0.1714 - val_accuracy: 1.0000 - lr: 1.9531e-06 - 5s/epoch - 5ms/step
 1/86 [..............................] - ETA: 15s33/86 [==========>...................] - ETA: 0s 70/86 [=======================>......] - ETA: 0s86/86 [==============================] - 0s 1ms/step
[DONE]
{
  "accuracy": 1.0,
  "macro_f1": 1.0,
  "weighted_f1": 1.0,
  "n_eval": 2735,
  "classes": [
    "walk",
    "standing",
    "sitting"
  ],
  "model_params": 414355,
  "task": "activity",
  "modalities": [
    "imu",
    "image",
    "audio",
    "tof"
  ],
  "fusion": "concat",
  "best_model": "models_m14_rgb64/stage2/stage2_activity_imu_image_audio_tof_concat_seed42/best_model.h5",
  "model_size_mb": 5.0072174072265625
}
