nohup: ignoring input
2026-05-18 19:29:02.946381: I tensorflow/core/util/port.cc:111] oneDNN custom operations are on. You may see slightly different numerical results due to floating-point round-off errors from different computation orders. To turn them off, set the environment variable `TF_ENABLE_ONEDNN_OPTS=0`.
2026-05-18 19:29:02.965666: E tensorflow/compiler/xla/stream_executor/cuda/cuda_dnn.cc:9342] Unable to register cuDNN factory: Attempting to register factory for plugin cuDNN when one has already been registered
2026-05-18 19:29:02.965716: E tensorflow/compiler/xla/stream_executor/cuda/cuda_fft.cc:609] Unable to register cuFFT factory: Attempting to register factory for plugin cuFFT when one has already been registered
2026-05-18 19:29:02.965754: E tensorflow/compiler/xla/stream_executor/cuda/cuda_blas.cc:1518] Unable to register cuBLAS factory: Attempting to register factory for plugin cuBLAS when one has already been registered
2026-05-18 19:29:02.969588: I tensorflow/core/platform/cpu_feature_guard.cc:182] This TensorFlow binary is optimized to use available CPU instructions in performance-critical operations.
To enable the following instructions: AVX2 AVX512F AVX512_VNNI AVX512_BF16 AVX_VNNI FMA, in other operations, rebuild TensorFlow with the appropriate compiler flags.
2026-05-18 19:29:04.285420: W tensorflow/core/common_runtime/gpu/gpu_device.cc:2303] TensorFlow was not built with CUDA kernel binaries compatible with compute capability 12.0. CUDA kernels will be jit-compiled from PTX, which could take 30 minutes or longer.
2026-05-18 19:29:37.496064: W tensorflow/core/common_runtime/gpu/gpu_device.cc:2303] TensorFlow was not built with CUDA kernel binaries compatible with compute capability 12.0. CUDA kernels will be jit-compiled from PTX, which could take 30 minutes or longer.
2026-05-18 19:29:37.585467: I tensorflow/core/common_runtime/gpu/gpu_device.cc:1886] Created device /job:localhost/replica:0/task:0/device:GPU:0 with 29801 MB memory:  -> device: 0, name: NVIDIA GeForce RTX 5090, pci bus id: 0000:02:00.0, compute capability: 12.0
[INFO] GPU detected: 1
[INFO] task: activity
[INFO] modalities: ['imu', 'image', 'audio', 'tof']
[INFO] fusion_strategy: early_flat
[INFO] train samples: 29788 eval samples: 2735
[INFO] classes: ['walk', 'standing', 'sitting']
[INFO] input_shapes: {'imu': [50, 8], 'image': [64, 64, 6], 'audio': [40, 40, 1], 'tof': [50, 2]}
[INFO] train bincount: [10299, 9340, 10149]
[INFO] eval  bincount: [951, 873, 911]
Model: "M14_early_flat_imu_image_audio_tof"
__________________________________________________________________________________________________
 Layer (type)                Output Shape                 Param #   Connected to                  
==================================================================================================
 imu (InputLayer)            [(None, 50, 8)]              0         []                            
                                                                                                  
 image (InputLayer)          [(None, 64, 64, 6)]          0         []                            
                                                                                                  
 audio (InputLayer)          [(None, 40, 40, 1)]          0         []                            
                                                                                                  
 tof (InputLayer)            [(None, 50, 2)]              0         []                            
                                                                                                  
 imu_flatten (Flatten)       (None, 400)                  0         ['imu[0][0]']                 
                                                                                                  
 image_flatten (Flatten)     (None, 24576)                0         ['image[0][0]']               
                                                                                                  
 audio_flatten (Flatten)     (None, 1600)                 0         ['audio[0][0]']               
                                                                                                  
 tof_flatten (Flatten)       (None, 100)                  0         ['tof[0][0]']                 
                                                                                                  
 imu_proj (Dense)            (None, 256)                  102656    ['imu_flatten[0][0]']         
                                                                                                  
 image_proj (Dense)          (None, 256)                  6291712   ['image_flatten[0][0]']       
                                                                                                  
 audio_proj (Dense)          (None, 256)                  409856    ['audio_flatten[0][0]']       
                                                                                                  
 tof_proj (Dense)            (None, 256)                  25856     ['tof_flatten[0][0]']         
                                                                                                  
 imu_bn (BatchNormalization  (None, 256)                  1024      ['imu_proj[0][0]']            
 )                                                                                                
                                                                                                  
 image_bn (BatchNormalizati  (None, 256)                  1024      ['image_proj[0][0]']          
 on)                                                                                              
                                                                                                  
 audio_bn (BatchNormalizati  (None, 256)                  1024      ['audio_proj[0][0]']          
 on)                                                                                              
                                                                                                  
 tof_bn (BatchNormalization  (None, 256)                  1024      ['tof_proj[0][0]']            
 )                                                                                                
                                                                                                  
 imu_dropout (Dropout)       (None, 256)                  0         ['imu_bn[0][0]']              
                                                                                                  
 image_dropout (Dropout)     (None, 256)                  0         ['image_bn[0][0]']            
                                                                                                  
 audio_dropout (Dropout)     (None, 256)                  0         ['audio_bn[0][0]']            
                                                                                                  
 tof_dropout (Dropout)       (None, 256)                  0         ['tof_bn[0][0]']              
                                                                                                  
 early_flat_concat (Concate  (None, 1024)                 0         ['imu_dropout[0][0]',         
 nate)                                                               'image_dropout[0][0]',       
                                                                     'audio_dropout[0][0]',       
                                                                     'tof_dropout[0][0]']         
                                                                                                  
 head_dense1 (Dense)         (None, 256)                  262400    ['early_flat_concat[0][0]']   
                                                                                                  
 head_bn1 (BatchNormalizati  (None, 256)                  1024      ['head_dense1[0][0]']         
 on)                                                                                              
                                                                                                  
 head_dropout1 (Dropout)     (None, 256)                  0         ['head_bn1[0][0]']            
                                                                                                  
 head_dense2 (Dense)         (None, 128)                  32896     ['head_dropout1[0][0]']       
                                                                                                  
 head_dropout2 (Dropout)     (None, 128)                  0         ['head_dense2[0][0]']         
                                                                                                  
 output (Dense)              (None, 3)                    387       ['head_dropout2[0][0]']       
                                                                                                  
==================================================================================================
Total params: 7130883 (27.20 MB)
Trainable params: 7128323 (27.19 MB)
Non-trainable params: 2560 (10.00 KB)
__________________________________________________________________________________________________
Epoch 1/100
2026-05-18 19:29:40.000032: I tensorflow/tsl/platform/default/subprocess.cc:304] Start cannot spawn child process: No such file or directory
2026-05-18 19:29:40.017355: W tensorflow/compiler/xla/stream_executor/gpu/asm_compiler.cc:231] Falling back to the CUDA driver for PTX compilation; ptxas does not support CC 12.0
2026-05-18 19:29:40.017389: W tensorflow/compiler/xla/stream_executor/gpu/asm_compiler.cc:234] Used ptxas at /usr/local/cuda-11.8/bin/ptxas
2026-05-18 19:29:40.017487: W tensorflow/compiler/mlir/tools/kernel_gen/transforms/gpu_kernel_to_blob_pass.cc:191] Failed to compile generated PTX with ptxas. Falling back to compilation by driver.
2026-05-18 19:29:40.017588: W tensorflow/compiler/mlir/tools/kernel_gen/transforms/gpu_kernel_to_blob_pass.cc:191] Failed to compile generated PTX with ptxas. Falling back to compilation by driver.
2026-05-18 19:29:40.069514: W tensorflow/compiler/mlir/tools/kernel_gen/transforms/gpu_kernel_to_blob_pass.cc:191] Failed to compile generated PTX with ptxas. Falling back to compilation by driver.
2026-05-18 19:29:40.069561: W tensorflow/compiler/mlir/tools/kernel_gen/transforms/gpu_kernel_to_blob_pass.cc:191] Failed to compile generated PTX with ptxas. Falling back to compilation by driver.
2026-05-18 19:29:40.069600: W tensorflow/compiler/mlir/tools/kernel_gen/transforms/gpu_kernel_to_blob_pass.cc:191] Failed to compile generated PTX with ptxas. Falling back to compilation by driver.
2026-05-18 19:29:40.069635: W tensorflow/compiler/mlir/tools/kernel_gen/transforms/gpu_kernel_to_blob_pass.cc:191] Failed to compile generated PTX with ptxas. Falling back to compilation by driver.
2026-05-18 19:29:40.069675: W tensorflow/compiler/mlir/tools/kernel_gen/transforms/gpu_kernel_to_blob_pass.cc:191] Failed to compile generated PTX with ptxas. Falling back to compilation by driver.
2026-05-18 19:29:40.069717: W tensorflow/compiler/mlir/tools/kernel_gen/transforms/gpu_kernel_to_blob_pass.cc:191] Failed to compile generated PTX with ptxas. Falling back to compilation by driver.
2026-05-18 19:29:40.069744: W tensorflow/compiler/mlir/tools/kernel_gen/transforms/gpu_kernel_to_blob_pass.cc:191] Failed to compile generated PTX with ptxas. Falling back to compilation by driver.
2026-05-18 19:29:40.069768: W tensorflow/compiler/mlir/tools/kernel_gen/transforms/gpu_kernel_to_blob_pass.cc:191] Failed to compile generated PTX with ptxas. Falling back to compilation by driver.
2026-05-18 19:29:40.069792: W tensorflow/compiler/mlir/tools/kernel_gen/transforms/gpu_kernel_to_blob_pass.cc:191] Failed to compile generated PTX with ptxas. Falling back to compilation by driver.
2026-05-18 19:29:40.069828: W tensorflow/compiler/mlir/tools/kernel_gen/transforms/gpu_kernel_to_blob_pass.cc:191] Failed to compile generated PTX with ptxas. Falling back to compilation by driver.
2026-05-18 19:29:40.069855: W tensorflow/compiler/mlir/tools/kernel_gen/transforms/gpu_kernel_to_blob_pass.cc:191] Failed to compile generated PTX with ptxas. Falling back to compilation by driver.
2026-05-18 19:29:40.069893: W tensorflow/compiler/mlir/tools/kernel_gen/transforms/gpu_kernel_to_blob_pass.cc:191] Failed to compile generated PTX with ptxas. Falling back to compilation by driver.
2026-05-18 19:29:40.069915: W tensorflow/compiler/mlir/tools/kernel_gen/transforms/gpu_kernel_to_blob_pass.cc:191] Failed to compile generated PTX with ptxas. Falling back to compilation by driver.
2026-05-18 19:29:40.069945: W tensorflow/compiler/mlir/tools/kernel_gen/transforms/gpu_kernel_to_blob_pass.cc:191] Failed to compile generated PTX with ptxas. Falling back to compilation by driver.
2026-05-18 19:29:40.069976: W tensorflow/compiler/mlir/tools/kernel_gen/transforms/gpu_kernel_to_blob_pass.cc:191] Failed to compile generated PTX with ptxas. Falling back to compilation by driver.
2026-05-18 19:29:40.070008: W tensorflow/compiler/mlir/tools/kernel_gen/transforms/gpu_kernel_to_blob_pass.cc:191] Failed to compile generated PTX with ptxas. Falling back to compilation by driver.
2026-05-18 19:29:40.158131: W tensorflow/compiler/mlir/tools/kernel_gen/transforms/gpu_kernel_to_blob_pass.cc:191] Failed to compile generated PTX with ptxas. Falling back to compilation by driver.
2026-05-18 19:29:40.158183: W tensorflow/compiler/mlir/tools/kernel_gen/transforms/gpu_kernel_to_blob_pass.cc:191] Failed to compile generated PTX with ptxas. Falling back to compilation by driver.
2026-05-18 19:29:40.234876: W tensorflow/compiler/mlir/tools/kernel_gen/transforms/gpu_kernel_to_blob_pass.cc:191] Failed to compile generated PTX with ptxas. Falling back to compilation by driver.
2026-05-18 19:29:40.235078: W tensorflow/compiler/mlir/tools/kernel_gen/transforms/gpu_kernel_to_blob_pass.cc:191] Failed to compile generated PTX with ptxas. Falling back to compilation by driver.
2026-05-18 19:29:40.235215: W tensorflow/compiler/mlir/tools/kernel_gen/transforms/gpu_kernel_to_blob_pass.cc:191] Failed to compile generated PTX with ptxas. Falling back to compilation by driver.
2026-05-18 19:29:40.235265: W tensorflow/compiler/mlir/tools/kernel_gen/transforms/gpu_kernel_to_blob_pass.cc:191] Failed to compile generated PTX with ptxas. Falling back to compilation by driver.
2026-05-18 19:29:40.235296: W tensorflow/compiler/mlir/tools/kernel_gen/transforms/gpu_kernel_to_blob_pass.cc:191] Failed to compile generated PTX with ptxas. Falling back to compilation by driver.
2026-05-18 19:29:40.235327: W tensorflow/compiler/mlir/tools/kernel_gen/transforms/gpu_kernel_to_blob_pass.cc:191] Failed to compile generated PTX with ptxas. Falling back to compilation by driver.
2026-05-18 19:29:40.235347: W tensorflow/compiler/mlir/tools/kernel_gen/transforms/gpu_kernel_to_blob_pass.cc:191] Failed to compile generated PTX with ptxas. Falling back to compilation by driver.
2026-05-18 19:29:40.235384: W tensorflow/compiler/mlir/tools/kernel_gen/transforms/gpu_kernel_to_blob_pass.cc:191] Failed to compile generated PTX with ptxas. Falling back to compilation by driver.
2026-05-18 19:29:40.235412: W tensorflow/compiler/mlir/tools/kernel_gen/transforms/gpu_kernel_to_blob_pass.cc:191] Failed to compile generated PTX with ptxas. Falling back to compilation by driver.
2026-05-18 19:29:40.235440: W tensorflow/compiler/mlir/tools/kernel_gen/transforms/gpu_kernel_to_blob_pass.cc:191] Failed to compile generated PTX with ptxas. Falling back to compilation by driver.
2026-05-18 19:29:40.235467: W tensorflow/compiler/mlir/tools/kernel_gen/transforms/gpu_kernel_to_blob_pass.cc:191] Failed to compile generated PTX with ptxas. Falling back to compilation by driver.
2026-05-18 19:29:40.235496: W tensorflow/compiler/mlir/tools/kernel_gen/transforms/gpu_kernel_to_blob_pass.cc:191] Failed to compile generated PTX with ptxas. Falling back to compilation by driver.
2026-05-18 19:29:40.235532: W tensorflow/compiler/mlir/tools/kernel_gen/transforms/gpu_kernel_to_blob_pass.cc:191] Failed to compile generated PTX with ptxas. Falling back to compilation by driver.
2026-05-18 19:29:40.235558: W tensorflow/compiler/mlir/tools/kernel_gen/transforms/gpu_kernel_to_blob_pass.cc:191] Failed to compile generated PTX with ptxas. Falling back to compilation by driver.
2026-05-18 19:29:40.235595: W tensorflow/compiler/mlir/tools/kernel_gen/transforms/gpu_kernel_to_blob_pass.cc:191] Failed to compile generated PTX with ptxas. Falling back to compilation by driver.
2026-05-18 19:29:40.235625: W tensorflow/compiler/mlir/tools/kernel_gen/transforms/gpu_kernel_to_blob_pass.cc:191] Failed to compile generated PTX with ptxas. Falling back to compilation by driver.
2026-05-18 19:29:40.235648: W tensorflow/compiler/mlir/tools/kernel_gen/transforms/gpu_kernel_to_blob_pass.cc:191] Failed to compile generated PTX with ptxas. Falling back to compilation by driver.
2026-05-18 19:29:40.235679: W tensorflow/compiler/mlir/tools/kernel_gen/transforms/gpu_kernel_to_blob_pass.cc:191] Failed to compile generated PTX with ptxas. Falling back to compilation by driver.
2026-05-18 19:29:40.408745: I tensorflow/compiler/xla/service/service.cc:168] XLA service 0x7c26a8242150 initialized for platform CUDA (this does not guarantee that XLA will be used). Devices:
2026-05-18 19:29:40.408829: I tensorflow/compiler/xla/service/service.cc:176]   StreamExecutor device (0): NVIDIA GeForce RTX 5090, Compute Capability 12.0
2026-05-18 19:29:40.411343: I tensorflow/compiler/mlir/tensorflow/utils/dump_mlir_util.cc:269] disabling MLIR crash reproducer, set env var `MLIR_CRASH_REPRODUCER_DIRECTORY` to enable.
2026-05-18 19:29:40.439181: I tensorflow/compiler/xla/stream_executor/cuda/cuda_dnn.cc:442] Loaded cuDNN version 8905
2026-05-18 19:29:40.455683: W tensorflow/compiler/xla/service/gpu/nvptx_compiler.cc:445] Couldn't read CUDA driver version.
2026-05-18 19:29:40.463064: I ./tensorflow/compiler/jit/device_compiler.h:186] Compiled cluster using XLA!  This line is logged at most once for the lifetime of the process.
2026-05-18 19:29:40.606357: W tensorflow/compiler/mlir/tools/kernel_gen/transforms/gpu_kernel_to_blob_pass.cc:191] Failed to compile generated PTX with ptxas. Falling back to compilation by driver.

Epoch 1: val_loss improved from inf to 0.92418, saving model to models_m14_rgb64/fusion_strategy_extra/stage2/activity_imu_image_audio_tof_early_flat_seed42/best_model.h5
/usr/local/lib/python3.11/dist-packages/keras/src/engine/training.py:3079: UserWarning: You are saving your model as an HDF5 file via `model.save()`. This file format is considered legacy. We recommend using instead the native Keras format, e.g. `model.save('my_model.keras')`.
  saving_api.save_model(
931/931 - 5s - loss: 1.2116 - accuracy: 0.9405 - val_loss: 0.9242 - val_accuracy: 0.9956 - lr: 5.0000e-04 - 5s/epoch - 5ms/step
Epoch 2/100

Epoch 2: val_loss improved from 0.92418 to 0.70962, saving model to models_m14_rgb64/fusion_strategy_extra/stage2/activity_imu_image_audio_tof_early_flat_seed42/best_model.h5
931/931 - 3s - loss: 0.8335 - accuracy: 0.9825 - val_loss: 0.7096 - val_accuracy: 0.9806 - lr: 5.0000e-04 - 3s/epoch - 3ms/step
Epoch 3/100

Epoch 3: val_loss improved from 0.70962 to 0.51263, saving model to models_m14_rgb64/fusion_strategy_extra/stage2/activity_imu_image_audio_tof_early_flat_seed42/best_model.h5
931/931 - 2s - loss: 0.6082 - accuracy: 0.9883 - val_loss: 0.5126 - val_accuracy: 0.9971 - lr: 5.0000e-04 - 2s/epoch - 3ms/step
Epoch 4/100

Epoch 4: val_loss improved from 0.51263 to 0.38978, saving model to models_m14_rgb64/fusion_strategy_extra/stage2/activity_imu_image_audio_tof_early_flat_seed42/best_model.h5
931/931 - 2s - loss: 0.4535 - accuracy: 0.9907 - val_loss: 0.3898 - val_accuracy: 0.9982 - lr: 5.0000e-04 - 2s/epoch - 3ms/step
Epoch 5/100

Epoch 5: val_loss improved from 0.38978 to 0.33374, saving model to models_m14_rgb64/fusion_strategy_extra/stage2/activity_imu_image_audio_tof_early_flat_seed42/best_model.h5
931/931 - 3s - loss: 0.3617 - accuracy: 0.9909 - val_loss: 0.3337 - val_accuracy: 0.9974 - lr: 5.0000e-04 - 3s/epoch - 3ms/step
Epoch 6/100

Epoch 6: val_loss improved from 0.33374 to 0.32819, saving model to models_m14_rgb64/fusion_strategy_extra/stage2/activity_imu_image_audio_tof_early_flat_seed42/best_model.h5
931/931 - 3s - loss: 0.3117 - accuracy: 0.9916 - val_loss: 0.3282 - val_accuracy: 0.9744 - lr: 5.0000e-04 - 3s/epoch - 3ms/step
Epoch 7/100

Epoch 7: val_loss improved from 0.32819 to 0.32668, saving model to models_m14_rgb64/fusion_strategy_extra/stage2/activity_imu_image_audio_tof_early_flat_seed42/best_model.h5
931/931 - 2s - loss: 0.2903 - accuracy: 0.9917 - val_loss: 0.3267 - val_accuracy: 0.9971 - lr: 5.0000e-04 - 2s/epoch - 3ms/step
Epoch 8/100

Epoch 8: val_loss did not improve from 0.32668
931/931 - 2s - loss: 0.2852 - accuracy: 0.9914 - val_loss: 0.3366 - val_accuracy: 0.9846 - lr: 5.0000e-04 - 2s/epoch - 2ms/step
Epoch 9/100

Epoch 9: val_loss improved from 0.32668 to 0.30412, saving model to models_m14_rgb64/fusion_strategy_extra/stage2/activity_imu_image_audio_tof_early_flat_seed42/best_model.h5
931/931 - 2s - loss: 0.2781 - accuracy: 0.9921 - val_loss: 0.3041 - val_accuracy: 0.9956 - lr: 5.0000e-04 - 2s/epoch - 3ms/step
Epoch 10/100

Epoch 10: val_loss improved from 0.30412 to 0.25549, saving model to models_m14_rgb64/fusion_strategy_extra/stage2/activity_imu_image_audio_tof_early_flat_seed42/best_model.h5
931/931 - 3s - loss: 0.2769 - accuracy: 0.9916 - val_loss: 0.2555 - val_accuracy: 0.9978 - lr: 5.0000e-04 - 3s/epoch - 3ms/step
Epoch 11/100

Epoch 11: val_loss did not improve from 0.25549
931/931 - 2s - loss: 0.2767 - accuracy: 0.9927 - val_loss: 0.3475 - val_accuracy: 0.9923 - lr: 5.0000e-04 - 2s/epoch - 3ms/step
Epoch 12/100

Epoch 12: val_loss did not improve from 0.25549
931/931 - 2s - loss: 0.2797 - accuracy: 0.9918 - val_loss: 0.2892 - val_accuracy: 0.9974 - lr: 5.0000e-04 - 2s/epoch - 3ms/step
Epoch 13/100

Epoch 13: val_loss improved from 0.25549 to 0.24958, saving model to models_m14_rgb64/fusion_strategy_extra/stage2/activity_imu_image_audio_tof_early_flat_seed42/best_model.h5
931/931 - 3s - loss: 0.2752 - accuracy: 0.9925 - val_loss: 0.2496 - val_accuracy: 0.9974 - lr: 5.0000e-04 - 3s/epoch - 3ms/step
Epoch 14/100

Epoch 14: val_loss did not improve from 0.24958
931/931 - 2s - loss: 0.2772 - accuracy: 0.9927 - val_loss: 0.2879 - val_accuracy: 0.9967 - lr: 5.0000e-04 - 2s/epoch - 3ms/step
Epoch 15/100

Epoch 15: val_loss did not improve from 0.24958
931/931 - 2s - loss: 0.2733 - accuracy: 0.9927 - val_loss: 0.2608 - val_accuracy: 0.9989 - lr: 5.0000e-04 - 2s/epoch - 3ms/step
Epoch 16/100

Epoch 16: val_loss improved from 0.24958 to 0.24132, saving model to models_m14_rgb64/fusion_strategy_extra/stage2/activity_imu_image_audio_tof_early_flat_seed42/best_model.h5
931/931 - 3s - loss: 0.2712 - accuracy: 0.9933 - val_loss: 0.2413 - val_accuracy: 0.9985 - lr: 5.0000e-04 - 3s/epoch - 3ms/step
Epoch 17/100

Epoch 17: val_loss did not improve from 0.24132
931/931 - 2s - loss: 0.2715 - accuracy: 0.9921 - val_loss: 0.2715 - val_accuracy: 0.9974 - lr: 5.0000e-04 - 2s/epoch - 2ms/step
Epoch 18/100

Epoch 18: val_loss did not improve from 0.24132
931/931 - 2s - loss: 0.2753 - accuracy: 0.9924 - val_loss: 0.2643 - val_accuracy: 0.9971 - lr: 5.0000e-04 - 2s/epoch - 2ms/step
Epoch 19/100

Epoch 19: val_loss did not improve from 0.24132
931/931 - 2s - loss: 0.2764 - accuracy: 0.9920 - val_loss: 0.3312 - val_accuracy: 0.9327 - lr: 5.0000e-04 - 2s/epoch - 2ms/step
Epoch 20/100

Epoch 20: val_loss did not improve from 0.24132
931/931 - 2s - loss: 0.2732 - accuracy: 0.9920 - val_loss: 0.2487 - val_accuracy: 0.9978 - lr: 5.0000e-04 - 2s/epoch - 2ms/step
Epoch 21/100

Epoch 21: val_loss did not improve from 0.24132

Epoch 21: ReduceLROnPlateau reducing learning rate to 0.0002500000118743628.
931/931 - 2s - loss: 0.2690 - accuracy: 0.9928 - val_loss: 0.2839 - val_accuracy: 0.9974 - lr: 5.0000e-04 - 2s/epoch - 2ms/step
Epoch 22/100

Epoch 22: val_loss improved from 0.24132 to 0.21827, saving model to models_m14_rgb64/fusion_strategy_extra/stage2/activity_imu_image_audio_tof_early_flat_seed42/best_model.h5
931/931 - 3s - loss: 0.2441 - accuracy: 0.9952 - val_loss: 0.2183 - val_accuracy: 0.9996 - lr: 2.5000e-04 - 3s/epoch - 3ms/step
Epoch 23/100

Epoch 23: val_loss did not improve from 0.21827
931/931 - 2s - loss: 0.2327 - accuracy: 0.9956 - val_loss: 0.2282 - val_accuracy: 0.9974 - lr: 2.5000e-04 - 2s/epoch - 2ms/step
Epoch 24/100

Epoch 24: val_loss did not improve from 0.21827
931/931 - 2s - loss: 0.2274 - accuracy: 0.9962 - val_loss: 0.2197 - val_accuracy: 0.9967 - lr: 2.5000e-04 - 2s/epoch - 2ms/step
Epoch 25/100

Epoch 25: val_loss improved from 0.21827 to 0.21115, saving model to models_m14_rgb64/fusion_strategy_extra/stage2/activity_imu_image_audio_tof_early_flat_seed42/best_model.h5
931/931 - 3s - loss: 0.2315 - accuracy: 0.9943 - val_loss: 0.2111 - val_accuracy: 0.9993 - lr: 2.5000e-04 - 3s/epoch - 3ms/step
Epoch 26/100

Epoch 26: val_loss did not improve from 0.21115
931/931 - 2s - loss: 0.2314 - accuracy: 0.9953 - val_loss: 0.2148 - val_accuracy: 0.9996 - lr: 2.5000e-04 - 2s/epoch - 3ms/step
Epoch 27/100

Epoch 27: val_loss did not improve from 0.21115
931/931 - 2s - loss: 0.2281 - accuracy: 0.9957 - val_loss: 0.2203 - val_accuracy: 0.9985 - lr: 2.5000e-04 - 2s/epoch - 3ms/step
Epoch 28/100

Epoch 28: val_loss did not improve from 0.21115
931/931 - 2s - loss: 0.2267 - accuracy: 0.9963 - val_loss: 0.2184 - val_accuracy: 0.9978 - lr: 2.5000e-04 - 2s/epoch - 3ms/step
Epoch 29/100

Epoch 29: val_loss did not improve from 0.21115
931/931 - 2s - loss: 0.2296 - accuracy: 0.9947 - val_loss: 0.2187 - val_accuracy: 0.9978 - lr: 2.5000e-04 - 2s/epoch - 3ms/step
Epoch 30/100

Epoch 30: val_loss did not improve from 0.21115

Epoch 30: ReduceLROnPlateau reducing learning rate to 0.0001250000059371814.
931/931 - 2s - loss: 0.2262 - accuracy: 0.9958 - val_loss: 0.2238 - val_accuracy: 0.9978 - lr: 2.5000e-04 - 2s/epoch - 2ms/step
Epoch 31/100

Epoch 31: val_loss improved from 0.21115 to 0.20182, saving model to models_m14_rgb64/fusion_strategy_extra/stage2/activity_imu_image_audio_tof_early_flat_seed42/best_model.h5
931/931 - 3s - loss: 0.2141 - accuracy: 0.9975 - val_loss: 0.2018 - val_accuracy: 0.9978 - lr: 1.2500e-04 - 3s/epoch - 3ms/step
Epoch 32/100

Epoch 32: val_loss improved from 0.20182 to 0.19943, saving model to models_m14_rgb64/fusion_strategy_extra/stage2/activity_imu_image_audio_tof_early_flat_seed42/best_model.h5
931/931 - 3s - loss: 0.2102 - accuracy: 0.9975 - val_loss: 0.1994 - val_accuracy: 0.9978 - lr: 1.2500e-04 - 3s/epoch - 3ms/step
Epoch 33/100

Epoch 33: val_loss did not improve from 0.19943
931/931 - 2s - loss: 0.2064 - accuracy: 0.9980 - val_loss: 0.2004 - val_accuracy: 0.9978 - lr: 1.2500e-04 - 2s/epoch - 2ms/step
Epoch 34/100

Epoch 34: val_loss did not improve from 0.19943
931/931 - 2s - loss: 0.2068 - accuracy: 0.9976 - val_loss: 0.4176 - val_accuracy: 0.8344 - lr: 1.2500e-04 - 2s/epoch - 2ms/step
Epoch 35/100

Epoch 35: val_loss improved from 0.19943 to 0.19937, saving model to models_m14_rgb64/fusion_strategy_extra/stage2/activity_imu_image_audio_tof_early_flat_seed42/best_model.h5
931/931 - 3s - loss: 0.2062 - accuracy: 0.9974 - val_loss: 0.1994 - val_accuracy: 0.9978 - lr: 1.2500e-04 - 3s/epoch - 3ms/step
Epoch 36/100

Epoch 36: val_loss did not improve from 0.19937
931/931 - 2s - loss: 0.2049 - accuracy: 0.9975 - val_loss: 0.1997 - val_accuracy: 0.9985 - lr: 1.2500e-04 - 2s/epoch - 2ms/step
Epoch 37/100

Epoch 37: val_loss did not improve from 0.19937

Epoch 37: ReduceLROnPlateau reducing learning rate to 6.25000029685907e-05.
931/931 - 2s - loss: 0.2036 - accuracy: 0.9979 - val_loss: 0.2271 - val_accuracy: 0.9850 - lr: 1.2500e-04 - 2s/epoch - 2ms/step
Epoch 38/100

Epoch 38: val_loss improved from 0.19937 to 0.19314, saving model to models_m14_rgb64/fusion_strategy_extra/stage2/activity_imu_image_audio_tof_early_flat_seed42/best_model.h5
931/931 - 3s - loss: 0.1989 - accuracy: 0.9987 - val_loss: 0.1931 - val_accuracy: 0.9985 - lr: 6.2500e-05 - 3s/epoch - 3ms/step
Epoch 39/100

Epoch 39: val_loss improved from 0.19314 to 0.18887, saving model to models_m14_rgb64/fusion_strategy_extra/stage2/activity_imu_image_audio_tof_early_flat_seed42/best_model.h5
931/931 - 3s - loss: 0.1967 - accuracy: 0.9988 - val_loss: 0.1889 - val_accuracy: 0.9978 - lr: 6.2500e-05 - 3s/epoch - 3ms/step
Epoch 40/100

Epoch 40: val_loss improved from 0.18887 to 0.18824, saving model to models_m14_rgb64/fusion_strategy_extra/stage2/activity_imu_image_audio_tof_early_flat_seed42/best_model.h5
931/931 - 3s - loss: 0.1958 - accuracy: 0.9985 - val_loss: 0.1882 - val_accuracy: 0.9985 - lr: 6.2500e-05 - 3s/epoch - 3ms/step
Epoch 41/100

Epoch 41: val_loss did not improve from 0.18824
931/931 - 2s - loss: 0.1947 - accuracy: 0.9987 - val_loss: 0.1905 - val_accuracy: 0.9978 - lr: 6.2500e-05 - 2s/epoch - 3ms/step
Epoch 42/100

Epoch 42: val_loss improved from 0.18824 to 0.18714, saving model to models_m14_rgb64/fusion_strategy_extra/stage2/activity_imu_image_audio_tof_early_flat_seed42/best_model.h5
931/931 - 3s - loss: 0.1938 - accuracy: 0.9988 - val_loss: 0.1871 - val_accuracy: 0.9978 - lr: 6.2500e-05 - 3s/epoch - 3ms/step
Epoch 43/100

Epoch 43: val_loss improved from 0.18714 to 0.18693, saving model to models_m14_rgb64/fusion_strategy_extra/stage2/activity_imu_image_audio_tof_early_flat_seed42/best_model.h5
931/931 - 2s - loss: 0.1925 - accuracy: 0.9991 - val_loss: 0.1869 - val_accuracy: 0.9985 - lr: 6.2500e-05 - 2s/epoch - 3ms/step
Epoch 44/100

Epoch 44: val_loss improved from 0.18693 to 0.18652, saving model to models_m14_rgb64/fusion_strategy_extra/stage2/activity_imu_image_audio_tof_early_flat_seed42/best_model.h5
931/931 - 2s - loss: 0.1927 - accuracy: 0.9988 - val_loss: 0.1865 - val_accuracy: 0.9985 - lr: 6.2500e-05 - 2s/epoch - 3ms/step
Epoch 45/100

Epoch 45: val_loss did not improve from 0.18652
931/931 - 2s - loss: 0.1918 - accuracy: 0.9990 - val_loss: 0.1962 - val_accuracy: 0.9982 - lr: 6.2500e-05 - 2s/epoch - 2ms/step
Epoch 46/100

Epoch 46: val_loss improved from 0.18652 to 0.18528, saving model to models_m14_rgb64/fusion_strategy_extra/stage2/activity_imu_image_audio_tof_early_flat_seed42/best_model.h5
931/931 - 2s - loss: 0.1913 - accuracy: 0.9989 - val_loss: 0.1853 - val_accuracy: 0.9993 - lr: 6.2500e-05 - 2s/epoch - 3ms/step
Epoch 47/100

Epoch 47: val_loss did not improve from 0.18528
931/931 - 2s - loss: 0.1912 - accuracy: 0.9990 - val_loss: 0.2005 - val_accuracy: 0.9927 - lr: 6.2500e-05 - 2s/epoch - 2ms/step
Epoch 48/100

Epoch 48: val_loss did not improve from 0.18528
931/931 - 2s - loss: 0.1920 - accuracy: 0.9985 - val_loss: 0.1856 - val_accuracy: 0.9985 - lr: 6.2500e-05 - 2s/epoch - 2ms/step
Epoch 49/100

Epoch 49: val_loss improved from 0.18528 to 0.18439, saving model to models_m14_rgb64/fusion_strategy_extra/stage2/activity_imu_image_audio_tof_early_flat_seed42/best_model.h5
931/931 - 3s - loss: 0.1917 - accuracy: 0.9988 - val_loss: 0.1844 - val_accuracy: 0.9982 - lr: 6.2500e-05 - 3s/epoch - 3ms/step
Epoch 50/100

Epoch 50: val_loss improved from 0.18439 to 0.18347, saving model to models_m14_rgb64/fusion_strategy_extra/stage2/activity_imu_image_audio_tof_early_flat_seed42/best_model.h5
931/931 - 3s - loss: 0.1908 - accuracy: 0.9988 - val_loss: 0.1835 - val_accuracy: 0.9985 - lr: 6.2500e-05 - 3s/epoch - 3ms/step
Epoch 51/100

Epoch 51: val_loss did not improve from 0.18347
931/931 - 2s - loss: 0.1902 - accuracy: 0.9990 - val_loss: 0.1917 - val_accuracy: 0.9982 - lr: 6.2500e-05 - 2s/epoch - 2ms/step
Epoch 52/100

Epoch 52: val_loss did not improve from 0.18347
931/931 - 2s - loss: 0.1909 - accuracy: 0.9989 - val_loss: 0.1872 - val_accuracy: 0.9978 - lr: 6.2500e-05 - 2s/epoch - 2ms/step
Epoch 53/100

Epoch 53: val_loss did not improve from 0.18347
931/931 - 2s - loss: 0.1904 - accuracy: 0.9988 - val_loss: 0.1968 - val_accuracy: 0.9978 - lr: 6.2500e-05 - 2s/epoch - 2ms/step
Epoch 54/100

Epoch 54: val_loss did not improve from 0.18347
931/931 - 2s - loss: 0.1894 - accuracy: 0.9991 - val_loss: 0.1848 - val_accuracy: 0.9982 - lr: 6.2500e-05 - 2s/epoch - 2ms/step
Epoch 55/100

Epoch 55: val_loss did not improve from 0.18347

Epoch 55: ReduceLROnPlateau reducing learning rate to 3.125000148429535e-05.
931/931 - 2s - loss: 0.1906 - accuracy: 0.9988 - val_loss: 0.1870 - val_accuracy: 0.9978 - lr: 6.2500e-05 - 2s/epoch - 2ms/step
Epoch 56/100

Epoch 56: val_loss did not improve from 0.18347
931/931 - 2s - loss: 0.1891 - accuracy: 0.9991 - val_loss: 0.1841 - val_accuracy: 0.9985 - lr: 3.1250e-05 - 2s/epoch - 3ms/step
Epoch 57/100

Epoch 57: val_loss improved from 0.18347 to 0.18130, saving model to models_m14_rgb64/fusion_strategy_extra/stage2/activity_imu_image_audio_tof_early_flat_seed42/best_model.h5
931/931 - 2s - loss: 0.1869 - accuracy: 0.9995 - val_loss: 0.1813 - val_accuracy: 0.9978 - lr: 3.1250e-05 - 2s/epoch - 3ms/step
Epoch 58/100

Epoch 58: val_loss improved from 0.18130 to 0.18064, saving model to models_m14_rgb64/fusion_strategy_extra/stage2/activity_imu_image_audio_tof_early_flat_seed42/best_model.h5
931/931 - 3s - loss: 0.1870 - accuracy: 0.9993 - val_loss: 0.1806 - val_accuracy: 0.9985 - lr: 3.1250e-05 - 3s/epoch - 3ms/step
Epoch 59/100

Epoch 59: val_loss did not improve from 0.18064
931/931 - 2s - loss: 0.1864 - accuracy: 0.9995 - val_loss: 0.1820 - val_accuracy: 0.9985 - lr: 3.1250e-05 - 2s/epoch - 2ms/step
Epoch 60/100

Epoch 60: val_loss improved from 0.18064 to 0.18044, saving model to models_m14_rgb64/fusion_strategy_extra/stage2/activity_imu_image_audio_tof_early_flat_seed42/best_model.h5
931/931 - 2s - loss: 0.1856 - accuracy: 0.9995 - val_loss: 0.1804 - val_accuracy: 0.9985 - lr: 3.1250e-05 - 2s/epoch - 3ms/step
Epoch 61/100

Epoch 61: val_loss did not improve from 0.18044
931/931 - 2s - loss: 0.1857 - accuracy: 0.9995 - val_loss: 0.1807 - val_accuracy: 0.9978 - lr: 3.1250e-05 - 2s/epoch - 2ms/step
Epoch 62/100

Epoch 62: val_loss improved from 0.18044 to 0.17963, saving model to models_m14_rgb64/fusion_strategy_extra/stage2/activity_imu_image_audio_tof_early_flat_seed42/best_model.h5
931/931 - 2s - loss: 0.1854 - accuracy: 0.9995 - val_loss: 0.1796 - val_accuracy: 0.9982 - lr: 3.1250e-05 - 2s/epoch - 3ms/step
Epoch 63/100

Epoch 63: val_loss improved from 0.17963 to 0.17916, saving model to models_m14_rgb64/fusion_strategy_extra/stage2/activity_imu_image_audio_tof_early_flat_seed42/best_model.h5
931/931 - 3s - loss: 0.1850 - accuracy: 0.9996 - val_loss: 0.1792 - val_accuracy: 0.9982 - lr: 3.1250e-05 - 3s/epoch - 3ms/step
Epoch 64/100

Epoch 64: val_loss did not improve from 0.17916
931/931 - 2s - loss: 0.1851 - accuracy: 0.9994 - val_loss: 0.1794 - val_accuracy: 0.9985 - lr: 3.1250e-05 - 2s/epoch - 2ms/step
Epoch 65/100

Epoch 65: val_loss improved from 0.17916 to 0.17849, saving model to models_m14_rgb64/fusion_strategy_extra/stage2/activity_imu_image_audio_tof_early_flat_seed42/best_model.h5
931/931 - 3s - loss: 0.1848 - accuracy: 0.9995 - val_loss: 0.1785 - val_accuracy: 0.9985 - lr: 3.1250e-05 - 3s/epoch - 3ms/step
Epoch 66/100

Epoch 66: val_loss did not improve from 0.17849
931/931 - 2s - loss: 0.1845 - accuracy: 0.9995 - val_loss: 0.1798 - val_accuracy: 0.9978 - lr: 3.1250e-05 - 2s/epoch - 2ms/step
Epoch 67/100

Epoch 67: val_loss did not improve from 0.17849
931/931 - 2s - loss: 0.1841 - accuracy: 0.9996 - val_loss: 0.1798 - val_accuracy: 0.9985 - lr: 3.1250e-05 - 2s/epoch - 2ms/step
Epoch 68/100

Epoch 68: val_loss did not improve from 0.17849
931/931 - 2s - loss: 0.1842 - accuracy: 0.9995 - val_loss: 0.1813 - val_accuracy: 0.9985 - lr: 3.1250e-05 - 2s/epoch - 2ms/step
Epoch 69/100

Epoch 69: val_loss did not improve from 0.17849
931/931 - 2s - loss: 0.1848 - accuracy: 0.9994 - val_loss: 0.1791 - val_accuracy: 0.9982 - lr: 3.1250e-05 - 2s/epoch - 2ms/step
Epoch 70/100

Epoch 70: val_loss improved from 0.17849 to 0.17847, saving model to models_m14_rgb64/fusion_strategy_extra/stage2/activity_imu_image_audio_tof_early_flat_seed42/best_model.h5

Epoch 70: ReduceLROnPlateau reducing learning rate to 1.5625000742147677e-05.
931/931 - 3s - loss: 0.1840 - accuracy: 0.9994 - val_loss: 0.1785 - val_accuracy: 0.9985 - lr: 3.1250e-05 - 3s/epoch - 3ms/step
Epoch 71/100

Epoch 71: val_loss improved from 0.17847 to 0.17823, saving model to models_m14_rgb64/fusion_strategy_extra/stage2/activity_imu_image_audio_tof_early_flat_seed42/best_model.h5
931/931 - 3s - loss: 0.1831 - accuracy: 0.9998 - val_loss: 0.1782 - val_accuracy: 0.9985 - lr: 1.5625e-05 - 3s/epoch - 3ms/step
Epoch 72/100

Epoch 72: val_loss improved from 0.17823 to 0.17747, saving model to models_m14_rgb64/fusion_strategy_extra/stage2/activity_imu_image_audio_tof_early_flat_seed42/best_model.h5
931/931 - 2s - loss: 0.1831 - accuracy: 0.9997 - val_loss: 0.1775 - val_accuracy: 0.9985 - lr: 1.5625e-05 - 2s/epoch - 3ms/step
Epoch 73/100

Epoch 73: val_loss improved from 0.17747 to 0.17737, saving model to models_m14_rgb64/fusion_strategy_extra/stage2/activity_imu_image_audio_tof_early_flat_seed42/best_model.h5
931/931 - 2s - loss: 0.1824 - accuracy: 0.9998 - val_loss: 0.1774 - val_accuracy: 0.9996 - lr: 1.5625e-05 - 2s/epoch - 3ms/step
Epoch 74/100

Epoch 74: val_loss did not improve from 0.17737
931/931 - 2s - loss: 0.1823 - accuracy: 0.9997 - val_loss: 0.1777 - val_accuracy: 0.9978 - lr: 1.5625e-05 - 2s/epoch - 2ms/step
Epoch 75/100

Epoch 75: val_loss improved from 0.17737 to 0.17685, saving model to models_m14_rgb64/fusion_strategy_extra/stage2/activity_imu_image_audio_tof_early_flat_seed42/best_model.h5
931/931 - 3s - loss: 0.1822 - accuracy: 0.9997 - val_loss: 0.1768 - val_accuracy: 0.9985 - lr: 1.5625e-05 - 3s/epoch - 3ms/step
Epoch 76/100

Epoch 76: val_loss did not improve from 0.17685
931/931 - 2s - loss: 0.1822 - accuracy: 0.9997 - val_loss: 0.1775 - val_accuracy: 0.9985 - lr: 1.5625e-05 - 2s/epoch - 2ms/step
Epoch 77/100

Epoch 77: val_loss did not improve from 0.17685
931/931 - 2s - loss: 0.1821 - accuracy: 0.9997 - val_loss: 0.1773 - val_accuracy: 0.9985 - lr: 1.5625e-05 - 2s/epoch - 2ms/step
Epoch 78/100

Epoch 78: val_loss did not improve from 0.17685
931/931 - 2s - loss: 0.1817 - accuracy: 0.9998 - val_loss: 0.1769 - val_accuracy: 0.9985 - lr: 1.5625e-05 - 2s/epoch - 2ms/step
Epoch 79/100

Epoch 79: val_loss did not improve from 0.17685
931/931 - 2s - loss: 0.1821 - accuracy: 0.9995 - val_loss: 0.1833 - val_accuracy: 0.9985 - lr: 1.5625e-05 - 2s/epoch - 2ms/step
Epoch 80/100

Epoch 80: val_loss improved from 0.17685 to 0.17682, saving model to models_m14_rgb64/fusion_strategy_extra/stage2/activity_imu_image_audio_tof_early_flat_seed42/best_model.h5

Epoch 80: ReduceLROnPlateau reducing learning rate to 7.812500371073838e-06.
931/931 - 3s - loss: 0.1816 - accuracy: 0.9998 - val_loss: 0.1768 - val_accuracy: 0.9985 - lr: 1.5625e-05 - 3s/epoch - 3ms/step
Epoch 81/100

Epoch 81: val_loss improved from 0.17682 to 0.17641, saving model to models_m14_rgb64/fusion_strategy_extra/stage2/activity_imu_image_audio_tof_early_flat_seed42/best_model.h5
931/931 - 3s - loss: 0.1811 - accuracy: 0.9998 - val_loss: 0.1764 - val_accuracy: 0.9996 - lr: 7.8125e-06 - 3s/epoch - 3ms/step
Epoch 82/100

Epoch 82: val_loss improved from 0.17641 to 0.17600, saving model to models_m14_rgb64/fusion_strategy_extra/stage2/activity_imu_image_audio_tof_early_flat_seed42/best_model.h5
931/931 - 2s - loss: 0.1809 - accuracy: 0.9998 - val_loss: 0.1760 - val_accuracy: 0.9996 - lr: 7.8125e-06 - 2s/epoch - 3ms/step
Epoch 83/100

Epoch 83: val_loss improved from 0.17600 to 0.17549, saving model to models_m14_rgb64/fusion_strategy_extra/stage2/activity_imu_image_audio_tof_early_flat_seed42/best_model.h5
931/931 - 2s - loss: 0.1807 - accuracy: 0.9999 - val_loss: 0.1755 - val_accuracy: 0.9996 - lr: 7.8125e-06 - 2s/epoch - 3ms/step
Epoch 84/100

Epoch 84: val_loss did not improve from 0.17549
931/931 - 2s - loss: 0.1809 - accuracy: 0.9998 - val_loss: 0.1756 - val_accuracy: 0.9989 - lr: 7.8125e-06 - 2s/epoch - 2ms/step
Epoch 85/100

Epoch 85: val_loss did not improve from 0.17549
931/931 - 2s - loss: 0.1808 - accuracy: 0.9999 - val_loss: 0.1757 - val_accuracy: 0.9993 - lr: 7.8125e-06 - 2s/epoch - 2ms/step
Epoch 86/100

Epoch 86: val_loss did not improve from 0.17549
931/931 - 2s - loss: 0.1808 - accuracy: 0.9997 - val_loss: 0.1757 - val_accuracy: 1.0000 - lr: 7.8125e-06 - 2s/epoch - 2ms/step
Epoch 87/100

Epoch 87: val_loss improved from 0.17549 to 0.17523, saving model to models_m14_rgb64/fusion_strategy_extra/stage2/activity_imu_image_audio_tof_early_flat_seed42/best_model.h5
931/931 - 3s - loss: 0.1806 - accuracy: 0.9997 - val_loss: 0.1752 - val_accuracy: 0.9996 - lr: 7.8125e-06 - 3s/epoch - 3ms/step
Epoch 88/100

Epoch 88: val_loss did not improve from 0.17523
931/931 - 2s - loss: 0.1806 - accuracy: 0.9998 - val_loss: 0.1755 - val_accuracy: 0.9993 - lr: 7.8125e-06 - 2s/epoch - 2ms/step
Epoch 89/100

Epoch 89: val_loss did not improve from 0.17523
931/931 - 2s - loss: 0.1804 - accuracy: 0.9999 - val_loss: 0.1761 - val_accuracy: 0.9985 - lr: 7.8125e-06 - 2s/epoch - 2ms/step
Epoch 90/100

Epoch 90: val_loss did not improve from 0.17523
931/931 - 2s - loss: 0.1804 - accuracy: 0.9998 - val_loss: 0.1755 - val_accuracy: 0.9985 - lr: 7.8125e-06 - 2s/epoch - 3ms/step
Epoch 91/100

Epoch 91: val_loss improved from 0.17523 to 0.17516, saving model to models_m14_rgb64/fusion_strategy_extra/stage2/activity_imu_image_audio_tof_early_flat_seed42/best_model.h5
931/931 - 3s - loss: 0.1801 - accuracy: 0.9999 - val_loss: 0.1752 - val_accuracy: 1.0000 - lr: 7.8125e-06 - 3s/epoch - 3ms/step
Epoch 92/100

Epoch 92: val_loss did not improve from 0.17516

Epoch 92: ReduceLROnPlateau reducing learning rate to 3.906250185536919e-06.
931/931 - 2s - loss: 0.1802 - accuracy: 0.9999 - val_loss: 0.1759 - val_accuracy: 0.9989 - lr: 7.8125e-06 - 2s/epoch - 2ms/step
Epoch 93/100

Epoch 93: val_loss did not improve from 0.17516
931/931 - 2s - loss: 0.1800 - accuracy: 0.9999 - val_loss: 0.1753 - val_accuracy: 0.9993 - lr: 3.9063e-06 - 2s/epoch - 2ms/step
Epoch 94/100

Epoch 94: val_loss did not improve from 0.17516
931/931 - 2s - loss: 0.1800 - accuracy: 0.9999 - val_loss: 0.1755 - val_accuracy: 0.9985 - lr: 3.9063e-06 - 2s/epoch - 3ms/step
Epoch 95/100

Epoch 95: val_loss improved from 0.17516 to 0.17451, saving model to models_m14_rgb64/fusion_strategy_extra/stage2/activity_imu_image_audio_tof_early_flat_seed42/best_model.h5
931/931 - 3s - loss: 0.1798 - accuracy: 0.9999 - val_loss: 0.1745 - val_accuracy: 1.0000 - lr: 3.9063e-06 - 3s/epoch - 3ms/step
Epoch 96/100

Epoch 96: val_loss did not improve from 0.17451
931/931 - 2s - loss: 0.1801 - accuracy: 0.9998 - val_loss: 0.1752 - val_accuracy: 0.9985 - lr: 3.9063e-06 - 2s/epoch - 3ms/step
Epoch 97/100

Epoch 97: val_loss did not improve from 0.17451
931/931 - 2s - loss: 0.1799 - accuracy: 0.9999 - val_loss: 0.1750 - val_accuracy: 0.9993 - lr: 3.9063e-06 - 2s/epoch - 2ms/step
Epoch 98/100

Epoch 98: val_loss did not improve from 0.17451
931/931 - 2s - loss: 0.1799 - accuracy: 0.9998 - val_loss: 0.1753 - val_accuracy: 0.9993 - lr: 3.9063e-06 - 2s/epoch - 2ms/step
Epoch 99/100

Epoch 99: val_loss improved from 0.17451 to 0.17430, saving model to models_m14_rgb64/fusion_strategy_extra/stage2/activity_imu_image_audio_tof_early_flat_seed42/best_model.h5
931/931 - 2s - loss: 0.1798 - accuracy: 1.0000 - val_loss: 0.1743 - val_accuracy: 1.0000 - lr: 3.9063e-06 - 2s/epoch - 3ms/step
Epoch 100/100

Epoch 100: val_loss did not improve from 0.17430
931/931 - 2s - loss: 0.1797 - accuracy: 0.9999 - val_loss: 0.1745 - val_accuracy: 1.0000 - lr: 3.9063e-06 - 2s/epoch - 2ms/step
 1/86 [..............................] - ETA: 5s53/86 [=================>............] - ETA: 0s86/86 [==============================] - 0s 885us/step
[DONE]
{
  "accuracy": 1.0,
  "macro_f1": 1.0,
  "weighted_f1": 1.0,
  "n_eval": 2735,
  "classes": [
    "walk",
    "standing",
    "sitting"
  ],
  "model_params": 7130883,
  "task": "activity",
  "modalities": [
    "imu",
    "image",
    "audio",
    "tof"
  ],
  "fusion": "early_flat",
  "best_model": "models_m14_rgb64/fusion_strategy_extra/stage2/activity_imu_image_audio_tof_early_flat_seed42/best_model.h5",
  "model_size_mb": 81.70682525634766
}
